TN:
SF:src\App.tsx
FN:43,mapStateToProps
FN:48,mapDispatchToProps
FN:52,App
FN:59,handleToggleDrawer
FN:85,render
FN:97,render
FN:102,render
FN:128,render
FNF:8
FNH:7
FNDA:33,mapStateToProps
FNDA:15,mapDispatchToProps
FNDA:20,App
FNDA:4,handleToggleDrawer
FNDA:6,render
FNDA:8,render
FNDA:1,render
FNDA:0,render
DA:1,1
DA:2,1
DA:3,1
DA:4,1
DA:5,1
DA:6,1
DA:7,1
DA:8,1
DA:9,1
DA:10,1
DA:11,1
DA:12,1
DA:13,1
DA:14,1
DA:15,1
DA:16,1
DA:17,1
DA:18,1
DA:19,1
DA:20,1
DA:21,1
DA:22,1
DA:23,1
DA:24,1
DA:25,1
DA:26,1
DA:27,1
DA:28,1
DA:29,1
DA:30,1
DA:31,1
DA:32,1
DA:33,1
DA:34,1
DA:35,1
DA:36,1
DA:37,1
DA:38,1
DA:39,1
DA:40,1
DA:41,1
DA:42,1
DA:43,1
DA:44,33
DA:45,33
DA:46,33
DA:47,1
DA:48,1
DA:49,1
DA:50,1
DA:51,1
DA:52,1
DA:53,20
DA:54,20
DA:55,20
DA:56,20
DA:57,20
DA:58,20
DA:59,20
DA:60,20
DA:61,20
DA:62,20
DA:63,20
DA:64,20
DA:65,20
DA:66,20
DA:67,20
DA:68,20
DA:69,20
DA:70,20
DA:71,20
DA:72,20
DA:73,20
DA:74,15
DA:75,15
DA:76,15
DA:77,20
DA:78,20
DA:79,20
DA:80,20
DA:81,20
DA:82,20
DA:83,20
DA:84,1
DA:85,1
DA:86,6
DA:87,6
DA:88,6
DA:89,1
DA:90,1
DA:91,20
DA:92,20
DA:93,20
DA:94,20
DA:95,4
DA:96,4
DA:97,4
DA:98,4
DA:99,20
DA:100,16
DA:101,16
DA:102,16
DA:103,16
DA:104,16
DA:105,16
DA:106,16
DA:107,16
DA:108,16
DA:109,16
DA:110,16
DA:111,16
DA:112,16
DA:113,16
DA:114,16
DA:115,16
DA:116,16
DA:117,16
DA:118,16
DA:119,16
DA:120,16
DA:121,16
DA:122,16
DA:123,16
DA:124,16
DA:125,20
DA:126,20
DA:127,20
DA:128,20
DA:129,20
DA:130,20
DA:131,20
DA:132,20
DA:133,20
DA:134,20
DA:135,20
DA:136,20
DA:137,20
DA:138,20
DA:139,20
DA:140,20
DA:141,20
DA:142,20
DA:143,20
DA:144,20
DA:145,20
DA:146,20
DA:147,20
DA:148,20
DA:149,20
DA:150,1
DA:151,1
LF:151
LH:151
BRDA:43,0,0,33
BRDA:48,1,0,15
BRDA:52,2,0,20
BRDA:54,3,0,0
BRDA:61,4,0,16
BRDA:61,5,0,19
BRDA:66,6,0,16
BRDA:66,7,0,15
BRDA:69,8,0,16
BRDA:69,9,0,15
BRDA:73,10,0,16
BRDA:73,11,0,15
BRDA:83,12,0,1
BRDA:94,13,0,4
BRDA:99,14,0,16
BRDA:59,15,0,4
BRDA:85,16,0,6
BRDA:97,17,0,8
BRDA:102,18,0,1
BRF:19
BRH:18
end_of_record
TN:
SF:src\types.ts
FN:38,isNewReservation
FN:72,isNewCustomer
FN:104,isHoliday
FN:112,isWorkingShift
FN:123,isWeekWorkingShifts
FN:132,isNewEmployee
FN:164,isNewService
FNF:7
FNH:7
FNDA:32,isNewReservation
FNDA:30,isNewCustomer
FNDA:10,isHoliday
FNDA:12,isWorkingShift
FNDA:14,isWeekWorkingShifts
FNDA:40,isNewEmployee
FNDA:29,isNewService
DA:1,1
DA:2,1
DA:3,1
DA:4,1
DA:5,1
DA:6,1
DA:7,1
DA:8,1
DA:9,1
DA:10,1
DA:11,1
DA:12,1
DA:13,1
DA:14,1
DA:15,1
DA:16,1
DA:17,1
DA:18,1
DA:19,1
DA:20,1
DA:21,1
DA:22,1
DA:23,1
DA:24,1
DA:25,1
DA:26,1
DA:27,1
DA:28,1
DA:29,1
DA:30,1
DA:31,1
DA:32,1
DA:33,1
DA:34,1
DA:35,1
DA:36,1
DA:37,1
DA:38,32
DA:39,32
DA:40,32
DA:41,32
DA:42,75
DA:43,72
DA:44,75
DA:45,13
DA:46,75
DA:47,75
DA:48,75
DA:49,75
DA:50,39
DA:51,75
DA:52,20
DA:53,75
DA:54,32
DA:55,32
DA:56,32
DA:57,1
DA:58,1
DA:59,1
DA:60,1
DA:61,1
DA:62,1
DA:63,1
DA:64,1
DA:65,1
DA:66,1
DA:67,1
DA:68,1
DA:69,1
DA:70,1
DA:71,1
DA:72,30
DA:73,30
DA:74,30
DA:75,30
DA:76,58
DA:77,50
DA:78,53
DA:79,58
DA:80,58
DA:81,58
DA:82,58
DA:83,41
DA:84,58
DA:85,4
DA:86,58
DA:87,5
DA:88,58
DA:89,30
DA:90,30
DA:91,30
DA:92,1
DA:93,1
DA:94,1
DA:95,1
DA:96,1
DA:97,1
DA:98,1
DA:99,1
DA:100,1
DA:101,1
DA:102,1
DA:103,1
DA:104,10
DA:105,10
DA:106,10
DA:107,10
DA:108,10
DA:109,10
DA:110,10
DA:111,1
DA:112,12
DA:113,12
DA:114,12
DA:115,12
DA:116,22
DA:117,22
DA:118,22
DA:119,12
DA:120,12
DA:121,12
DA:122,1
DA:123,14
DA:124,14
DA:125,14
DA:126,14
DA:127,14
DA:128,14
DA:129,14
DA:130,14
DA:131,1
DA:132,40
DA:133,40
DA:134,40
DA:135,40
DA:136,67
DA:137,65
DA:138,67
DA:139,39
DA:140,67
DA:141,12
DA:142,67
DA:143,9
DA:144,9
DA:145,9
DA:146,9
DA:147,67
DA:148,5
DA:149,67
DA:150,40
DA:151,40
DA:152,40
DA:153,1
DA:154,1
DA:155,1
DA:156,1
DA:157,1
DA:158,1
DA:159,1
DA:160,1
DA:161,1
DA:162,1
DA:163,1
DA:164,29
DA:165,29
DA:166,29
DA:167,29
DA:168,43
DA:169,43
DA:170,43
DA:171,28
DA:172,43
DA:173,10
DA:174,43
DA:175,5
DA:176,43
DA:177,29
DA:178,29
DA:179,29
DA:180,1
DA:181,1
DA:182,1
DA:183,1
DA:184,1
DA:185,1
DA:186,1
DA:187,1
DA:188,1
DA:189,1
DA:190,1
DA:191,1
DA:192,1
DA:193,1
DA:194,1
DA:195,1
DA:196,1
DA:197,1
DA:198,1
DA:199,1
DA:200,1
DA:201,1
DA:202,1
DA:203,1
DA:204,1
DA:205,1
DA:206,1
DA:207,1
DA:208,1
DA:209,1
DA:210,1
DA:211,1
DA:212,1
DA:213,1
DA:214,1
DA:215,1
DA:216,1
DA:217,1
DA:218,1
DA:219,1
DA:220,1
DA:221,1
DA:222,1
DA:223,1
DA:224,1
DA:225,1
DA:226,1
DA:227,1
DA:228,1
DA:229,1
DA:230,1
DA:231,1
DA:232,1
DA:233,1
DA:234,1
DA:235,1
DA:236,1
DA:237,1
DA:238,1
DA:239,1
DA:240,1
DA:241,1
DA:242,1
DA:243,1
DA:244,1
DA:245,1
DA:246,1
DA:247,1
DA:248,1
DA:249,1
DA:250,1
DA:251,1
DA:252,1
DA:253,1
DA:254,1
DA:255,1
DA:256,1
DA:257,1
DA:258,1
DA:259,1
DA:260,1
DA:261,1
DA:262,1
DA:263,1
DA:264,1
DA:265,1
DA:266,1
DA:267,1
DA:268,1
DA:269,1
DA:270,1
DA:271,1
DA:272,1
DA:273,1
DA:274,1
DA:275,1
DA:276,1
DA:277,1
DA:278,1
DA:279,1
DA:280,1
DA:281,1
DA:282,1
DA:283,1
DA:284,1
DA:285,1
DA:286,1
DA:287,1
DA:288,1
DA:289,1
DA:290,1
DA:291,1
DA:292,1
DA:293,1
DA:294,1
DA:295,1
DA:296,1
DA:297,1
DA:298,1
DA:299,1
DA:300,1
DA:301,1
DA:302,1
DA:303,1
DA:304,1
DA:305,1
DA:306,1
DA:307,1
DA:308,1
DA:309,1
DA:310,1
DA:311,1
DA:312,1
DA:313,1
DA:314,1
DA:315,1
DA:316,1
DA:317,1
DA:318,1
DA:319,1
DA:320,1
DA:321,1
DA:322,1
DA:323,1
DA:324,1
DA:325,1
DA:326,1
DA:327,1
DA:328,1
DA:329,1
DA:330,1
DA:331,1
DA:332,1
DA:333,1
DA:334,1
DA:335,1
DA:336,1
DA:337,1
DA:338,1
DA:339,1
DA:340,1
DA:341,1
LF:341
LH:341
BRDA:38,0,0,32
BRDA:39,1,0,0
BRDA:54,2,0,11
BRDA:41,3,0,75
BRDA:42,4,0,3
BRDA:43,5,0,72
BRDA:44,6,0,13
BRDA:46,7,0,12
BRDA:47,8,0,24
BRDA:48,9,0,35
BRDA:49,10,0,39
BRDA:51,11,0,20
BRDA:54,12,0,42
BRDA:72,13,0,30
BRDA:73,14,0,0
BRDA:89,15,0,20
BRDA:75,16,0,58
BRDA:76,17,0,8
BRDA:77,18,0,53
BRDA:77,19,0,50
BRDA:78,20,0,29
BRDA:79,21,0,33
BRDA:80,22,0,37
BRDA:81,23,0,41
BRDA:82,24,0,41
BRDA:84,25,0,4
BRDA:86,26,0,5
BRDA:104,27,0,10
BRDA:108,28,0,18
BRDA:108,29,0,17
BRDA:112,30,0,12
BRDA:113,31,0,0
BRDA:115,32,0,22
BRDA:118,33,0,42
BRDA:118,34,0,41
BRDA:123,35,0,14
BRDA:124,36,0,0
BRDA:125,37,0,14
BRDA:126,38,0,1
BRDA:127,39,0,13
BRDA:127,40,0,0
BRDA:128,41,0,13
BRDA:128,42,0,12
BRDA:128,43,0,12
BRDA:132,44,0,40
BRDA:133,45,0,0
BRDA:150,46,0,24
BRDA:135,47,0,67
BRDA:136,48,0,2
BRDA:137,49,0,65
BRDA:138,50,0,39
BRDA:140,51,0,12
BRDA:142,52,0,9
BRDA:145,53,0,8
BRDA:147,54,0,5
BRDA:145,55,0,10
BRDA:164,56,0,29
BRDA:165,57,0,0
BRDA:177,58,0,19
BRDA:167,59,0,43
BRDA:168,60,0,0
BRDA:170,61,0,28
BRDA:172,62,0,10
BRDA:173,63,0,9
BRDA:174,64,0,5
BRF:65
BRH:57
end_of_record
TN:
SF:src\assets\jss\appContainerStyles.ts
FNF:0
FNH:0
DA:1,1
DA:2,1
DA:3,1
DA:4,15
DA:5,15
DA:6,15
DA:7,15
DA:8,15
DA:9,15
DA:10,15
DA:11,15
DA:12,15
DA:13,15
DA:14,15
DA:15,15
DA:16,15
DA:17,15
DA:18,15
DA:19,1
DA:20,1
DA:21,1
LF:21
LH:21
BRDA:3,0,0,15
BRF:1
BRH:1
end_of_record
TN:
SF:src\assets\jss\theme.ts
FNF:0
FNH:0
DA:1,1
DA:2,1
DA:3,1
DA:4,1
DA:5,1
DA:6,1
DA:7,1
DA:8,1
DA:9,1
DA:10,1
DA:11,1
DA:12,1
DA:13,1
DA:14,1
DA:15,1
DA:16,1
DA:17,1
DA:18,1
DA:19,1
DA:20,1
DA:21,1
DA:22,1
DA:23,1
DA:24,1
DA:25,1
DA:26,1
DA:27,1
DA:28,1
DA:29,1
DA:30,1
DA:31,1
DA:32,1
DA:33,1
DA:34,1
DA:35,1
DA:36,1
DA:37,1
DA:38,1
DA:39,1
DA:40,1
DA:41,1
DA:42,1
DA:43,1
DA:44,1
DA:45,1
DA:46,1
DA:47,1
DA:48,1
LF:48
LH:48
BRF:0
BRH:0
end_of_record
TN:
SF:src\components\Alert\index.tsx
FN:12,Alert
FNF:1
FNH:0
FNDA:0,Alert
DA:1,1
DA:2,1
DA:3,1
DA:4,1
DA:5,1
DA:6,1
DA:7,1
DA:8,1
DA:9,1
DA:10,1
DA:11,1
DA:12,1
DA:13,0
DA:14,0
DA:15,0
DA:16,0
DA:17,0
DA:18,0
DA:19,0
DA:20,0
DA:21,0
DA:22,0
DA:23,0
DA:24,0
DA:25,0
DA:26,0
DA:27,0
DA:28,0
DA:29,1
DA:30,1
LF:30
LH:14
BRF:0
BRH:0
end_of_record
TN:
SF:src\components\Center\index.tsx
FN:10,Center
FNF:1
FNH:1
FNDA:6,Center
DA:1,1
DA:2,1
DA:3,1
DA:4,1
DA:5,1
DA:6,1
DA:7,1
DA:8,1
DA:9,1
DA:10,1
DA:11,6
DA:12,6
DA:13,6
DA:14,6
DA:15,6
DA:16,6
DA:17,6
DA:18,6
DA:19,6
DA:20,6
DA:21,1
DA:22,1
LF:22
LH:22
BRDA:10,0,0,6
BRDA:12,1,0,4
BRDA:12,2,0,2
BRF:3
BRH:3
end_of_record
TN:
SF:src\components\ConnectedBirthdays\index.ts
FN:8,mapStateToProps
FN:11,mapDispatchToProps
FN:15,ConnectedBirthdays
FNF:3
FNH:3
FNDA:28,mapStateToProps
FNDA:11,mapDispatchToProps
FNDA:11,ConnectedBirthdays
DA:1,1
DA:2,1
DA:3,1
DA:4,1
DA:5,1
DA:6,1
DA:7,1
DA:8,1
DA:9,28
DA:10,1
DA:11,1
DA:12,1
DA:13,1
DA:14,1
DA:15,1
DA:16,11
DA:17,11
DA:18,11
DA:19,1
LF:19
LH:19
BRDA:8,0,0,28
BRDA:11,1,0,11
BRDA:15,2,0,11
BRF:3
BRH:3
end_of_record
TN:
SF:src\components\ConnectedDialog\index.tsx
FN:8,mapStateToProps
FN:11,mapDispatchToProps
FN:15,ConnectedDialog
FNF:3
FNH:3
FNDA:22,mapStateToProps
FNDA:15,mapDispatchToProps
FNDA:21,ConnectedDialog
DA:1,1
DA:2,1
DA:3,1
DA:4,1
DA:5,1
DA:6,1
DA:7,1
DA:8,1
DA:9,22
DA:10,1
DA:11,1
DA:12,1
DA:13,1
DA:14,1
DA:15,1
DA:16,21
DA:17,21
DA:18,21
DA:19,21
DA:20,1
DA:21,1
DA:22,1
LF:22
LH:22
BRDA:8,0,0,22
BRDA:11,1,0,15
BRDA:15,2,0,21
BRF:3
BRH:3
end_of_record
TN:
SF:src\components\Drawer\index.tsx
FN:38,Drawer
FN:42,handleSupportClick
FN:96,onClick
FNF:3
FNH:1
FNDA:39,Drawer
FNDA:0,handleSupportClick
FNDA:0,onClick
DA:1,1
DA:2,1
DA:3,1
DA:4,1
DA:5,1
DA:6,1
DA:7,1
DA:8,1
DA:9,1
DA:10,1
DA:11,1
DA:12,1
DA:13,1
DA:14,1
DA:15,1
DA:16,1
DA:17,1
DA:18,1
DA:19,1
DA:20,1
DA:21,1
DA:22,1
DA:23,1
DA:24,1
DA:25,1
DA:26,1
DA:27,1
DA:28,1
DA:29,1
DA:30,1
DA:31,1
DA:32,1
DA:33,1
DA:34,1
DA:35,1
DA:36,1
DA:37,1
DA:38,1
DA:39,39
DA:40,39
DA:41,39
DA:42,39
DA:43,0
DA:44,0
DA:45,0
DA:46,0
DA:47,39
DA:48,39
DA:49,39
DA:50,39
DA:51,39
DA:52,39
DA:53,39
DA:54,39
DA:55,39
DA:56,39
DA:57,39
DA:58,39
DA:59,39
DA:60,39
DA:61,39
DA:62,39
DA:63,39
DA:64,39
DA:65,39
DA:66,39
DA:67,39
DA:68,39
DA:69,39
DA:70,39
DA:71,39
DA:72,39
DA:73,39
DA:74,39
DA:75,39
DA:76,39
DA:77,39
DA:78,39
DA:79,39
DA:80,39
DA:81,39
DA:82,39
DA:83,39
DA:84,39
DA:85,39
DA:86,39
DA:87,39
DA:88,39
DA:89,39
DA:90,39
DA:91,39
DA:92,39
DA:93,39
DA:94,39
DA:95,39
DA:96,195
DA:97,195
DA:98,195
DA:99,195
DA:100,39
DA:101,39
DA:102,39
DA:103,39
DA:104,39
DA:105,39
DA:106,39
DA:107,39
DA:108,39
DA:109,39
DA:110,39
DA:111,39
DA:112,39
DA:113,39
DA:114,39
DA:115,39
DA:116,78
DA:117,78
DA:118,78
DA:119,78
DA:120,39
DA:121,39
DA:122,39
DA:123,39
DA:124,39
DA:125,39
DA:126,1
DA:127,1
LF:127
LH:123
BRDA:38,0,0,39
BRDA:95,1,0,195
BRDA:115,2,0,78
BRF:3
BRH:3
end_of_record
TN:
SF:src\components\Drawer\style.ts
FNF:0
FNH:0
DA:1,1
DA:2,1
DA:3,1
DA:4,15
DA:5,15
DA:6,15
DA:7,15
DA:8,15
DA:9,15
DA:10,15
DA:11,15
DA:12,15
DA:13,15
DA:14,15
DA:15,15
DA:16,15
DA:17,15
DA:18,15
DA:19,15
DA:20,1
DA:21,1
DA:22,1
LF:22
LH:22
BRDA:3,0,0,15
BRF:1
BRH:1
end_of_record
TN:
SF:src\components\HolidaysField\HolidaysDialog.tsx
FN:27,HolidaysDialog
FNF:1
FNH:0
FNDA:0,HolidaysDialog
DA:1,1
DA:2,1
DA:3,1
DA:4,1
DA:5,1
DA:6,1
DA:7,1
DA:8,1
DA:9,1
DA:10,1
DA:11,1
DA:12,1
DA:13,1
DA:14,1
DA:15,1
DA:16,1
DA:17,1
DA:18,1
DA:19,1
DA:20,1
DA:21,1
DA:22,1
DA:23,1
DA:24,1
DA:25,1
DA:26,1
DA:27,1
DA:28,0
DA:29,0
DA:30,0
DA:31,0
DA:32,0
DA:33,0
DA:34,0
DA:35,0
DA:36,0
DA:37,0
DA:38,0
DA:39,0
DA:40,0
DA:41,0
DA:42,0
DA:43,0
DA:44,0
DA:45,0
DA:46,0
DA:47,0
DA:48,0
DA:49,0
DA:50,0
DA:51,0
DA:52,0
DA:53,0
DA:54,0
DA:55,0
DA:56,0
DA:57,0
DA:58,0
DA:59,0
DA:60,0
DA:61,0
DA:62,0
DA:63,0
DA:64,0
DA:65,0
DA:66,0
DA:67,0
DA:68,0
DA:69,0
DA:70,0
DA:71,0
DA:72,0
DA:73,0
DA:74,0
DA:75,0
DA:76,0
DA:77,0
DA:78,0
DA:79,0
DA:80,0
DA:81,0
DA:82,0
DA:83,0
DA:84,0
DA:85,0
DA:86,0
DA:87,0
DA:88,0
DA:89,0
DA:90,0
DA:91,0
DA:92,0
DA:93,0
DA:94,0
DA:95,0
DA:96,0
DA:97,0
DA:98,0
DA:99,0
DA:100,0
DA:101,0
DA:102,0
DA:103,0
DA:104,0
DA:105,0
DA:106,0
DA:107,0
DA:108,0
DA:109,0
DA:110,0
DA:111,0
DA:112,0
DA:113,0
DA:114,0
DA:115,0
DA:116,0
DA:117,0
DA:118,0
DA:119,0
DA:120,0
DA:121,1
DA:122,1
LF:122
LH:29
BRF:0
BRH:0
end_of_record
TN:
SF:src\components\HolidaysField\index.tsx
FN:21,HolidaysField
FNF:1
FNH:0
FNDA:0,HolidaysField
DA:1,1
DA:2,1
DA:3,1
DA:4,1
DA:5,1
DA:6,1
DA:7,1
DA:8,1
DA:9,1
DA:10,1
DA:11,1
DA:12,1
DA:13,1
DA:14,1
DA:15,1
DA:16,1
DA:17,1
DA:18,1
DA:19,1
DA:20,1
DA:21,1
DA:22,0
DA:23,0
DA:24,0
DA:25,0
DA:26,0
DA:27,0
DA:28,0
DA:29,0
DA:30,0
DA:31,0
DA:32,0
DA:33,0
DA:34,0
DA:35,0
DA:36,0
DA:37,0
DA:38,0
DA:39,0
DA:40,0
DA:41,0
DA:42,0
DA:43,0
DA:44,0
DA:45,0
DA:46,0
DA:47,0
DA:48,0
DA:49,0
DA:50,0
DA:51,0
DA:52,0
DA:53,0
DA:54,0
DA:55,0
DA:56,0
DA:57,0
DA:58,0
DA:59,0
DA:60,0
DA:61,0
DA:62,0
DA:63,0
DA:64,0
DA:65,0
DA:66,0
DA:67,0
DA:68,0
DA:69,0
DA:70,0
DA:71,0
DA:72,0
DA:73,0
DA:74,1
DA:75,1
LF:75
LH:23
BRF:0
BRH:0
end_of_record
TN:
SF:src\components\HolidaysField\style.ts
FNF:0
FNH:0
DA:1,1
DA:2,1
DA:3,1
DA:4,0
DA:5,0
DA:6,0
DA:7,0
DA:8,0
DA:9,0
DA:10,0
DA:11,0
DA:12,0
DA:13,0
DA:14,0
DA:15,0
DA:16,0
DA:17,0
DA:18,0
DA:19,0
DA:20,0
DA:21,0
DA:22,0
DA:23,0
DA:24,0
DA:25,0
DA:26,0
DA:27,0
DA:28,0
DA:29,0
DA:30,0
DA:31,0
DA:32,0
DA:33,0
DA:34,1
DA:35,1
DA:36,1
LF:36
LH:6
BRF:0
BRH:0
end_of_record
TN:
SF:src\components\Navbar\index.tsx
FN:16,mapStateToProps
FN:27,Navbar
FN:38,handleCustomerSearch
FN:73,getOptionLabel
FN:88,onChange
FN:89,renderInput
FN:102,onMouseDownCapture
FN:115,onClick
FNF:8
FNH:7
FNDA:17,mapStateToProps
FNDA:30,Navbar
FNDA:4,handleCustomerSearch
FNDA:27,getOptionLabel
FNDA:4,onChange
FNDA:45,renderInput
FNDA:0,onMouseDownCapture
FNDA:1,onClick
DA:1,1
DA:2,1
DA:3,1
DA:4,1
DA:5,1
DA:6,1
DA:7,1
DA:8,1
DA:9,1
DA:10,1
DA:11,1
DA:12,1
DA:13,1
DA:14,1
DA:15,1
DA:16,1
DA:17,17
DA:18,17
DA:19,1
DA:20,1
DA:21,1
DA:22,1
DA:23,1
DA:24,1
DA:25,1
DA:26,1
DA:27,1
DA:28,30
DA:29,30
DA:30,30
DA:31,0
DA:32,0
DA:33,0
DA:34,0
DA:35,30
DA:36,30
DA:37,30
DA:38,30
DA:39,4
DA:40,30
DA:41,30
DA:42,30
DA:43,30
DA:44,30
DA:45,30
DA:46,30
DA:47,30
DA:48,30
DA:49,30
DA:50,30
DA:51,30
DA:52,30
DA:53,30
DA:54,30
DA:55,30
DA:56,30
DA:57,30
DA:58,30
DA:59,30
DA:60,30
DA:61,30
DA:62,30
DA:63,30
DA:64,30
DA:65,30
DA:66,30
DA:67,30
DA:68,30
DA:69,30
DA:70,30
DA:71,30
DA:72,30
DA:73,30
DA:74,27
DA:75,27
DA:76,27
DA:77,30
DA:78,30
DA:79,30
DA:80,30
DA:81,30
DA:82,30
DA:83,30
DA:84,30
DA:85,30
DA:86,30
DA:87,30
DA:88,30
DA:89,30
DA:90,45
DA:91,45
DA:92,45
DA:93,45
DA:94,45
DA:95,45
DA:96,45
DA:97,45
DA:98,45
DA:99,45
DA:100,45
DA:101,45
DA:102,45
DA:103,45
DA:104,45
DA:105,45
DA:106,45
DA:107,45
DA:108,45
DA:109,45
DA:110,45
DA:111,30
DA:112,30
DA:113,30
DA:114,30
DA:115,30
DA:116,30
DA:117,30
DA:118,30
DA:119,30
DA:120,30
DA:121,30
DA:122,30
DA:123,30
DA:124,30
DA:125,30
DA:126,1
DA:127,1
LF:127
LH:123
BRDA:16,0,0,17
BRDA:27,1,0,30
BRDA:30,2,0,0
BRDA:38,3,0,4
BRDA:73,4,0,27
BRDA:75,5,0,0
BRDA:76,6,0,0
BRDA:88,7,0,4
BRDA:89,8,0,45
BRDA:115,9,0,1
BRF:10
BRH:7
end_of_record
TN:
SF:src\components\Navbar\style.ts
FNF:0
FNH:0
DA:1,1
DA:2,1
DA:3,1
DA:4,11
DA:5,11
DA:6,11
DA:7,11
DA:8,11
DA:9,11
DA:10,11
DA:11,11
DA:12,11
DA:13,11
DA:14,11
DA:15,11
DA:16,11
DA:17,11
DA:18,11
DA:19,11
DA:20,11
DA:21,11
DA:22,11
DA:23,11
DA:24,11
DA:25,11
DA:26,11
DA:27,11
DA:28,11
DA:29,11
DA:30,11
DA:31,11
DA:32,11
DA:33,11
DA:34,11
DA:35,11
DA:36,11
DA:37,11
DA:38,11
DA:39,11
DA:40,11
DA:41,11
DA:42,11
DA:43,11
DA:44,11
DA:45,11
DA:46,11
DA:47,11
DA:48,11
DA:49,11
DA:50,11
DA:51,11
DA:52,11
DA:53,11
DA:54,11
DA:55,11
DA:56,11
DA:57,11
DA:58,11
DA:59,11
DA:60,11
DA:61,11
DA:62,11
DA:63,11
DA:64,11
DA:65,11
DA:66,11
DA:67,11
DA:68,1
DA:69,1
DA:70,1
LF:70
LH:70
BRDA:3,0,0,11
BRF:1
BRH:1
end_of_record
TN:
SF:src\components\ReservationPanel\index.tsx
FN:16,composeName
FN:21,ReservationPanel
FN:38,handleReservationDetails
FNF:3
FNH:3
FNDA:6,composeName
FNDA:6,ReservationPanel
FNDA:3,handleReservationDetails
DA:1,1
DA:2,1
DA:3,1
DA:4,1
DA:5,1
DA:6,1
DA:7,1
DA:8,1
DA:9,1
DA:10,1
DA:11,1
DA:12,1
DA:13,1
DA:14,1
DA:15,1
DA:16,1
DA:17,6
DA:18,6
DA:19,1
DA:20,1
DA:21,1
DA:22,6
DA:23,6
DA:24,6
DA:25,6
DA:26,6
DA:27,6
DA:28,6
DA:29,6
DA:30,6
DA:31,6
DA:32,6
DA:33,6
DA:34,6
DA:35,6
DA:36,6
DA:37,6
DA:38,6
DA:39,6
DA:40,6
DA:41,6
DA:42,6
DA:43,6
DA:44,6
DA:45,6
DA:46,6
DA:47,6
DA:48,6
DA:49,6
DA:50,6
DA:51,6
DA:52,6
DA:53,6
DA:54,6
DA:55,6
DA:56,6
DA:57,6
DA:58,6
DA:59,6
DA:60,0
DA:61,0
DA:62,0
DA:63,6
DA:64,6
DA:65,6
DA:66,6
DA:67,6
DA:68,6
DA:69,6
DA:70,6
DA:71,6
DA:72,6
DA:73,6
DA:74,6
DA:75,0
DA:76,0
DA:77,0
DA:78,6
DA:79,6
DA:80,6
DA:81,6
DA:82,6
DA:83,1
DA:84,1
LF:84
LH:78
BRDA:16,0,0,6
BRDA:18,1,0,0
BRDA:19,2,0,0
BRDA:21,3,0,6
BRDA:26,4,0,0
BRDA:41,5,0,0
BRDA:42,6,0,0
BRDA:59,7,0,0
BRDA:74,8,0,0
BRDA:30,9,0,6
BRDA:31,10,0,2
BRDA:32,11,0,6
BRDA:35,12,0,6
BRDA:36,13,0,6
BRDA:38,14,0,3
BRF:15
BRH:8
end_of_record
TN:
SF:src\components\ReservationPanel\style.ts
FN:7,createBackgroundColor
FN:30,height
FN:32,width
FN:35,backgroundColor
FNF:4
FNH:4
FNDA:6,createBackgroundColor
FNDA:6,height
FNDA:6,width
FNDA:6,backgroundColor
DA:1,1
DA:2,1
DA:3,1
DA:4,1
DA:5,1
DA:6,1
DA:7,1
DA:8,6
DA:9,6
DA:10,0
DA:11,6
DA:12,6
DA:13,6
DA:14,0
DA:15,6
DA:16,0
DA:17,6
DA:18,6
DA:19,1
DA:20,1
DA:21,1
DA:22,1
DA:23,1
DA:24,6
DA:25,6
DA:26,6
DA:27,6
DA:28,6
DA:29,6
DA:30,6
DA:31,6
DA:32,6
DA:33,6
DA:34,6
DA:35,6
DA:36,6
DA:37,6
DA:38,6
DA:39,6
DA:40,6
DA:41,6
DA:42,6
DA:43,6
DA:44,6
DA:45,6
DA:46,6
DA:47,6
DA:48,6
DA:49,6
DA:50,6
DA:51,6
DA:52,6
DA:53,6
DA:54,6
DA:55,6
DA:56,6
DA:57,1
DA:58,1
DA:59,1
LF:59
LH:56
BRDA:7,0,0,6
BRDA:9,1,0,0
BRDA:13,2,0,0
BRDA:15,3,0,0
BRDA:23,4,0,6
BRDA:30,5,0,6
BRDA:32,6,0,6
BRDA:32,7,0,0
BRDA:35,8,0,6
BRF:9
BRH:5
end_of_record
TN:
SF:src\components\ShiftsField\WeekWorkingShiftsDialog.tsx
FN:27,hourMinuteToDate
FN:34,dateToHourMinute
FN:48,WeekWorkingShiftsDialog
FNF:3
FNH:0
FNDA:0,hourMinuteToDate
FNDA:0,dateToHourMinute
FNDA:0,WeekWorkingShiftsDialog
DA:1,1
DA:2,1
DA:3,1
DA:4,1
DA:5,1
DA:6,1
DA:7,1
DA:8,1
DA:9,1
DA:10,1
DA:11,1
DA:12,1
DA:13,1
DA:14,1
DA:15,1
DA:16,1
DA:17,1
DA:18,1
DA:19,1
DA:20,1
DA:21,1
DA:22,1
DA:23,1
DA:24,1
DA:25,1
DA:26,1
DA:27,1
DA:28,0
DA:29,0
DA:30,0
DA:31,0
DA:32,0
DA:33,1
DA:34,1
DA:35,0
DA:36,0
DA:37,1
DA:38,1
DA:39,1
DA:40,1
DA:41,1
DA:42,1
DA:43,1
DA:44,1
DA:45,1
DA:46,1
DA:47,1
DA:48,1
DA:49,0
DA:50,0
DA:51,0
DA:52,0
DA:53,0
DA:54,0
DA:55,0
DA:56,0
DA:57,0
DA:58,0
DA:59,0
DA:60,0
DA:61,0
DA:62,0
DA:63,0
DA:64,0
DA:65,0
DA:66,0
DA:67,0
DA:68,0
DA:69,0
DA:70,0
DA:71,0
DA:72,0
DA:73,0
DA:74,0
DA:75,0
DA:76,0
DA:77,0
DA:78,0
DA:79,0
DA:80,0
DA:81,0
DA:82,0
DA:83,0
DA:84,0
DA:85,0
DA:86,0
DA:87,0
DA:88,0
DA:89,0
DA:90,0
DA:91,0
DA:92,0
DA:93,0
DA:94,0
DA:95,0
DA:96,0
DA:97,0
DA:98,0
DA:99,0
DA:100,0
DA:101,0
DA:102,0
DA:103,0
DA:104,0
DA:105,0
DA:106,0
DA:107,0
DA:108,0
DA:109,0
DA:110,0
DA:111,0
DA:112,0
DA:113,0
DA:114,0
DA:115,0
DA:116,0
DA:117,0
DA:118,0
DA:119,0
DA:120,0
DA:121,0
DA:122,0
DA:123,0
DA:124,0
DA:125,0
DA:126,0
DA:127,0
DA:128,0
DA:129,0
DA:130,0
DA:131,0
DA:132,0
DA:133,0
DA:134,0
DA:135,0
DA:136,0
DA:137,0
DA:138,0
DA:139,0
DA:140,0
DA:141,0
DA:142,0
DA:143,0
DA:144,0
DA:145,0
DA:146,0
DA:147,0
DA:148,0
DA:149,0
DA:150,0
DA:151,0
DA:152,0
DA:153,0
DA:154,0
DA:155,0
DA:156,0
DA:157,0
DA:158,0
DA:159,0
DA:160,0
DA:161,0
DA:162,0
DA:163,0
DA:164,0
DA:165,0
DA:166,0
DA:167,0
DA:168,0
DA:169,0
DA:170,0
DA:171,0
DA:172,0
DA:173,0
DA:174,0
DA:175,0
DA:176,0
DA:177,0
DA:178,0
DA:179,0
DA:180,0
DA:181,0
DA:182,0
DA:183,0
DA:184,0
DA:185,0
DA:186,0
DA:187,0
DA:188,0
DA:189,0
DA:190,0
DA:191,0
DA:192,0
DA:193,0
DA:194,0
DA:195,0
DA:196,0
DA:197,1
DA:198,1
LF:198
LH:43
BRF:0
BRH:0
end_of_record
TN:
SF:src\components\ShiftsField\index.tsx
FN:24,ShiftsField
FNF:1
FNH:0
FNDA:0,ShiftsField
DA:1,1
DA:2,1
DA:3,1
DA:4,1
DA:5,1
DA:6,1
DA:7,1
DA:8,1
DA:9,1
DA:10,1
DA:11,1
DA:12,1
DA:13,1
DA:14,1
DA:15,1
DA:16,1
DA:17,1
DA:18,1
DA:19,1
DA:20,1
DA:21,1
DA:22,1
DA:23,1
DA:24,1
DA:25,0
DA:26,0
DA:27,0
DA:28,0
DA:29,0
DA:30,0
DA:31,0
DA:32,0
DA:33,0
DA:34,0
DA:35,0
DA:36,0
DA:37,0
DA:38,0
DA:39,0
DA:40,0
DA:41,0
DA:42,0
DA:43,0
DA:44,0
DA:45,0
DA:46,0
DA:47,0
DA:48,0
DA:49,0
DA:50,0
DA:51,0
DA:52,0
DA:53,0
DA:54,0
DA:55,0
DA:56,0
DA:57,0
DA:58,0
DA:59,0
DA:60,0
DA:61,0
DA:62,0
DA:63,0
DA:64,0
DA:65,0
DA:66,0
DA:67,0
DA:68,0
DA:69,0
DA:70,1
DA:71,1
LF:71
LH:26
BRF:0
BRH:0
end_of_record
TN:
SF:src\components\ShiftsField\style.ts
FNF:0
FNH:0
DA:1,1
DA:2,1
DA:3,1
DA:4,0
DA:5,0
DA:6,0
DA:7,0
DA:8,0
DA:9,0
DA:10,0
DA:11,0
DA:12,0
DA:13,0
DA:14,0
DA:15,0
DA:16,0
DA:17,0
DA:18,0
DA:19,0
DA:20,0
DA:21,0
DA:22,0
DA:23,0
DA:24,0
DA:25,0
DA:26,0
DA:27,0
DA:28,0
DA:29,0
DA:30,0
DA:31,0
DA:32,0
DA:33,0
DA:34,1
DA:35,1
DA:36,1
LF:36
LH:6
BRF:0
BRH:0
end_of_record
TN:
SF:src\components\Support\index.tsx
FN:23,Support
FNF:1
FNH:0
FNDA:0,Support
DA:1,1
DA:2,1
DA:3,1
DA:4,1
DA:5,1
DA:6,1
DA:7,1
DA:8,1
DA:9,1
DA:10,1
DA:11,1
DA:12,1
DA:13,1
DA:14,1
DA:15,1
DA:16,1
DA:17,1
DA:18,1
DA:19,1
DA:20,1
DA:21,1
DA:22,1
DA:23,1
DA:24,0
DA:25,0
DA:26,0
DA:27,0
DA:28,0
DA:29,0
DA:30,0
DA:31,0
DA:32,0
DA:33,0
DA:34,0
DA:35,0
DA:36,0
DA:37,0
DA:38,0
DA:39,0
DA:40,0
DA:41,0
DA:42,0
DA:43,0
DA:44,0
DA:45,0
DA:46,0
DA:47,0
DA:48,0
DA:49,0
DA:50,0
DA:51,0
DA:52,0
DA:53,0
DA:54,0
DA:55,0
DA:56,0
DA:57,0
DA:58,0
DA:59,0
DA:60,0
DA:61,0
DA:62,0
DA:63,0
DA:64,0
DA:65,0
DA:66,0
DA:67,0
DA:68,0
DA:69,0
DA:70,0
DA:71,0
DA:72,0
DA:73,0
DA:74,0
DA:75,0
DA:76,0
DA:77,0
DA:78,0
DA:79,0
DA:80,0
DA:81,0
DA:82,0
DA:83,0
DA:84,0
DA:85,1
DA:86,1
LF:86
LH:25
BRF:0
BRH:0
end_of_record
TN:
SF:src\components\ToolBar\index.tsx
FN:23,mapStateToProps
FN:26,mapDispatchToProps
FN:30,Toolbar
FN:33,handleSupportClick
FN:80,onClick
FNF:5
FNH:4
FNDA:17,mapStateToProps
FNDA:11,mapDispatchToProps
FNDA:26,Toolbar
FNDA:0,handleSupportClick
FNDA:1,onClick
DA:1,1
DA:2,1
DA:3,1
DA:4,1
DA:5,1
DA:6,1
DA:7,1
DA:8,1
DA:9,1
DA:10,1
DA:11,1
DA:12,1
DA:13,1
DA:14,1
DA:15,1
DA:16,1
DA:17,1
DA:18,1
DA:19,1
DA:20,1
DA:21,1
DA:22,1
DA:23,1
DA:24,17
DA:25,1
DA:26,1
DA:27,1
DA:28,1
DA:29,1
DA:30,1
DA:31,26
DA:32,26
DA:33,26
DA:34,0
DA:35,0
DA:36,0
DA:37,26
DA:38,26
DA:39,26
DA:40,26
DA:41,26
DA:42,26
DA:43,26
DA:44,26
DA:45,26
DA:46,26
DA:47,26
DA:48,26
DA:49,26
DA:50,26
DA:51,26
DA:52,26
DA:53,26
DA:54,26
DA:55,26
DA:56,26
DA:57,26
DA:58,26
DA:59,26
DA:60,26
DA:61,26
DA:62,26
DA:63,26
DA:64,26
DA:65,26
DA:66,26
DA:67,26
DA:68,26
DA:69,26
DA:70,26
DA:71,26
DA:72,26
DA:73,26
DA:74,26
DA:75,26
DA:76,26
DA:77,26
DA:78,26
DA:79,130
DA:80,130
DA:81,130
DA:82,130
DA:83,130
DA:84,26
DA:85,26
DA:86,26
DA:87,26
DA:88,26
DA:89,26
DA:90,26
DA:91,26
DA:92,26
DA:93,26
DA:94,26
DA:95,26
DA:96,26
DA:97,26
DA:98,26
DA:99,52
DA:100,52
DA:101,52
DA:102,52
DA:103,52
DA:104,26
DA:105,26
DA:106,26
DA:107,26
DA:108,1
DA:109,1
LF:109
LH:106
BRDA:23,0,0,17
BRDA:26,1,0,11
BRDA:30,2,0,26
BRDA:78,3,0,130
BRDA:80,4,0,1
BRDA:98,5,0,52
BRF:6
BRH:6
end_of_record
TN:
SF:src\components\ToolBar\style.ts
FNF:0
FNH:0
DA:1,1
DA:2,1
DA:3,1
DA:4,11
DA:5,11
DA:6,11
DA:7,11
DA:8,11
DA:9,11
DA:10,11
DA:11,11
DA:12,11
DA:13,11
DA:14,11
DA:15,11
DA:16,11
DA:17,11
DA:18,11
DA:19,11
DA:20,11
DA:21,11
DA:22,11
DA:23,11
DA:24,11
DA:25,1
DA:26,1
DA:27,1
LF:27
LH:27
BRDA:3,0,0,11
BRF:1
BRH:1
end_of_record
TN:
SF:src\config\index.ts
FNF:0
FNH:0
DA:1,1
DA:2,1
DA:3,1
DA:4,1
DA:5,1
DA:6,1
DA:7,1
DA:8,1
DA:9,1
DA:10,1
DA:11,1
DA:12,1
DA:13,1
DA:14,1
DA:15,1
DA:16,1
DA:17,1
DA:18,1
DA:19,1
DA:20,1
DA:21,1
DA:22,1
DA:23,1
DA:24,1
DA:25,1
DA:26,1
DA:27,1
DA:28,1
DA:29,1
DA:30,1
DA:31,1
DA:32,1
DA:33,1
DA:34,1
DA:35,1
DA:36,1
DA:37,1
DA:38,1
DA:39,1
DA:40,1
DA:41,1
DA:42,1
DA:43,1
DA:44,1
DA:45,1
DA:46,1
DA:47,1
DA:48,1
DA:49,1
DA:50,1
DA:51,1
DA:52,1
DA:53,1
DA:54,1
DA:55,1
DA:56,1
DA:57,1
DA:58,1
DA:59,1
DA:60,1
DA:61,1
DA:62,1
DA:63,1
DA:64,1
DA:65,1
DA:66,1
DA:67,1
DA:68,1
DA:69,1
DA:70,1
DA:71,1
DA:72,1
DA:73,1
DA:74,1
DA:75,1
DA:76,1
DA:77,1
DA:78,1
DA:79,1
DA:80,1
DA:81,1
DA:82,1
DA:83,1
DA:84,1
DA:85,1
DA:86,1
DA:87,1
DA:88,1
DA:89,1
DA:90,1
DA:91,1
DA:92,1
DA:93,1
DA:94,1
DA:95,1
DA:96,1
DA:97,1
DA:98,1
DA:99,1
DA:100,1
DA:101,1
DA:102,1
DA:103,1
DA:104,1
DA:105,1
DA:106,1
DA:107,1
DA:108,1
DA:109,1
DA:110,1
DA:111,1
DA:112,1
DA:113,1
DA:114,1
DA:115,1
DA:116,1
DA:117,1
DA:118,1
DA:119,1
DA:120,1
DA:121,1
DA:122,1
DA:123,1
DA:124,1
DA:125,1
DA:126,1
DA:127,1
DA:128,1
DA:129,1
DA:130,1
DA:131,1
DA:132,1
DA:133,1
DA:134,1
DA:135,1
DA:136,1
DA:137,1
DA:138,1
DA:139,1
DA:140,1
DA:141,1
DA:142,1
DA:143,1
DA:144,1
DA:145,343
DA:146,343
DA:147,343
DA:148,343
DA:149,1
LF:149
LH:149
BRDA:122,0,0,28
BRDA:130,1,0,91
BRDA:144,2,0,343
BRF:3
BRH:3
end_of_record
TN:
SF:src\redux\index.ts
FN:1,get
FN:2,get
FN:3,get
FN:5,get
FN:6,get
FN:8,get
FN:9,get
FN:10,get
FN:11,get
FN:12,get
FN:13,get
FN:14,get
FN:15,get
FNF:13
FNH:12
FNDA:15,get
FNDA:15,get
FNDA:15,get
FNDA:20,get
FNDA:0,get
FNDA:89,get
FNDA:124,get
FNDA:13,get
FNDA:13,get
FNDA:13,get
FNDA:13,get
FNDA:12,get
FNDA:26,get
DA:1,1
DA:2,1
DA:3,1
DA:4,1
DA:5,1
DA:6,1
DA:7,1
DA:8,1
DA:9,1
DA:10,1
DA:11,1
DA:12,1
DA:13,1
DA:14,1
DA:15,1
LF:15
LH:15
BRDA:1,0,0,15
BRDA:2,1,0,15
BRDA:3,2,0,15
BRDA:5,3,0,20
BRDA:8,4,0,89
BRDA:9,5,0,124
BRDA:10,6,0,13
BRDA:11,7,0,13
BRDA:12,8,0,13
BRDA:13,9,0,13
BRDA:14,10,0,12
BRDA:15,11,0,26
BRF:12
BRH:12
end_of_record
TN:
SF:src\redux\actionCreators\checkForBirthdays.ts
FN:8,checkForBirthdays
FNF:1
FNH:1
FNDA:11,checkForBirthdays
DA:1,1
DA:2,1
DA:3,1
DA:4,1
DA:5,1
DA:6,1
DA:7,1
DA:8,1
DA:9,11
DA:10,11
DA:11,11
DA:12,11
DA:13,11
DA:14,11
DA:15,11
DA:16,11
DA:17,11
DA:18,11
DA:19,11
DA:20,0
DA:21,0
DA:22,0
DA:23,11
DA:24,11
DA:25,11
DA:26,11
DA:27,0
DA:28,0
DA:29,11
DA:30,11
DA:31,11
DA:32,11
DA:33,11
DA:34,11
DA:35,1
DA:36,1
LF:36
LH:31
BRDA:8,0,0,11
BRDA:8,1,0,11
BRDA:26,2,0,0
BRDA:17,3,0,11
BRDA:18,4,0,0
BRDA:19,5,0,0
BRF:6
BRH:3
end_of_record
TN:
SF:src\redux\actionCreators\checkSync.ts
FN:6,checkSync
FNF:1
FNH:1
FNDA:44,checkSync
DA:1,1
DA:2,1
DA:3,1
DA:4,1
DA:5,1
DA:6,1
DA:7,44
DA:8,44
DA:9,44
DA:10,44
DA:11,44
DA:12,11
DA:13,11
DA:14,11
DA:15,11
DA:16,11
DA:17,44
DA:18,1
DA:19,1
LF:19
LH:19
BRDA:6,0,0,44
BRDA:6,1,0,44
BRDA:11,2,0,33
BRDA:11,3,0,22
BRDA:11,4,0,11
BRDA:11,5,0,11
BRF:6
BRH:6
end_of_record
TN:
SF:src\redux\actionCreators\closeDialog.ts
FN:6,closeDialog
FNF:1
FNH:1
FNDA:2,closeDialog
DA:1,1
DA:2,1
DA:3,1
DA:4,1
DA:5,1
DA:6,1
DA:7,2
DA:8,2
DA:9,2
DA:10,2
DA:11,2
DA:12,2
DA:13,2
DA:14,2
DA:15,2
DA:16,2
DA:17,2
DA:18,1
DA:19,1
LF:19
LH:19
BRDA:6,0,0,2
BRDA:6,1,0,2
BRF:2
BRH:2
end_of_record
TN:
SF:src\redux\actionCreators\displayBirthdayNotification.ts
FN:10,displayBirthdayNotification
FNF:1
FNH:0
FNDA:0,displayBirthdayNotification
DA:1,1
DA:2,1
DA:3,1
DA:4,1
DA:5,1
DA:6,1
DA:7,1
DA:8,1
DA:9,1
DA:10,1
DA:11,0
DA:12,0
DA:13,0
DA:14,0
DA:15,0
DA:16,0
DA:17,0
DA:18,0
DA:19,0
DA:20,0
DA:21,0
DA:22,0
DA:23,0
DA:24,0
DA:25,0
DA:26,0
DA:27,0
DA:28,0
DA:29,0
DA:30,0
DA:31,0
DA:32,0
DA:33,1
DA:34,1
LF:34
LH:12
BRF:0
BRH:0
end_of_record
TN:
SF:src\redux\actionCreators\isLogged.ts
FN:7,isLogged
FNF:1
FNH:1
FNDA:20,isLogged
DA:1,1
DA:2,1
DA:3,1
DA:4,1
DA:5,1
DA:6,1
DA:7,1
DA:8,20
DA:9,20
DA:10,20
DA:11,20
DA:12,20
DA:13,1
DA:14,1
LF:14
LH:14
BRDA:7,0,0,20
BRDA:7,1,0,20
BRF:2
BRH:2
end_of_record
TN:
SF:src\redux\actionCreators\isOffline.ts
FN:7,isOffline
FNF:1
FNH:0
FNDA:0,isOffline
DA:1,1
DA:2,1
DA:3,1
DA:4,1
DA:5,1
DA:6,1
DA:7,1
DA:8,0
DA:9,0
DA:10,0
DA:11,0
DA:12,0
DA:13,1
DA:14,1
LF:14
LH:9
BRF:0
BRH:0
end_of_record
TN:
SF:src\redux\actionCreators\moveEmployee.ts
FN:8,moveEmployee
FNF:1
FNH:0
FNDA:0,moveEmployee
DA:1,1
DA:2,1
DA:3,1
DA:4,1
DA:5,1
DA:6,1
DA:7,1
DA:8,1
DA:9,0
DA:10,0
DA:11,0
DA:12,0
DA:13,0
DA:14,0
DA:15,0
DA:16,0
DA:17,0
DA:18,0
DA:19,0
DA:20,0
DA:21,0
DA:22,0
DA:23,0
DA:24,0
DA:25,0
DA:26,0
DA:27,0
DA:28,0
DA:29,0
DA:30,0
DA:31,0
DA:32,0
DA:33,0
DA:34,0
DA:35,0
DA:36,0
DA:37,0
DA:38,0
DA:39,0
DA:40,0
DA:41,0
DA:42,0
DA:43,0
DA:44,0
DA:45,1
DA:46,1
LF:46
LH:10
BRF:0
BRH:0
end_of_record
TN:
SF:src\redux\actionCreators\openDialog.ts
FN:7,openDialog
FNF:1
FNH:1
FNDA:4,openDialog
DA:1,1
DA:2,1
DA:3,1
DA:4,1
DA:5,1
DA:6,1
DA:7,1
DA:8,4
DA:9,4
DA:10,4
DA:11,4
DA:12,4
DA:13,4
DA:14,4
DA:15,4
DA:16,4
DA:17,1
DA:18,1
LF:18
LH:18
BRDA:7,0,0,4
BRDA:7,1,0,4
BRF:2
BRH:2
end_of_record
TN:
SF:src\redux\actionCreators\updateCustomers.ts
FN:9,updateCustomers
FNF:1
FNH:1
FNDA:11,updateCustomers
DA:1,1
DA:2,1
DA:3,1
DA:4,1
DA:5,1
DA:6,1
DA:7,1
DA:8,1
DA:9,1
DA:10,11
DA:11,11
DA:12,11
DA:13,25
DA:14,25
DA:15,25
DA:16,25
DA:17,25
DA:18,25
DA:19,17
DA:20,17
DA:21,17
DA:22,17
DA:23,17
DA:24,17
DA:25,8
DA:26,8
DA:27,8
DA:28,25
DA:29,25
DA:30,11
DA:31,11
DA:32,11
DA:33,11
DA:34,11
DA:35,11
DA:36,11
DA:37,11
DA:38,11
DA:39,1
DA:40,1
LF:40
LH:40
BRDA:9,0,0,11
BRDA:11,1,0,11
BRDA:12,2,0,25
BRDA:16,3,0,0
BRDA:18,4,0,17
BRDA:24,5,0,8
BRF:6
BRH:5
end_of_record
TN:
SF:src\redux\actionCreators\updateEmployees.ts
FN:9,updateEmployees
FNF:1
FNH:1
FNDA:11,updateEmployees
DA:1,1
DA:2,1
DA:3,1
DA:4,1
DA:5,1
DA:6,1
DA:7,1
DA:8,1
DA:9,1
DA:10,11
DA:11,11
DA:12,11
DA:13,25
DA:14,25
DA:15,25
DA:16,25
DA:17,25
DA:18,0
DA:19,0
DA:20,0
DA:21,0
DA:22,25
DA:23,25
DA:24,17
DA:25,17
DA:26,17
DA:27,17
DA:28,17
DA:29,17
DA:30,17
DA:31,8
DA:32,8
DA:33,8
DA:34,25
DA:35,25
DA:36,11
DA:37,11
DA:38,11
DA:39,11
DA:40,11
DA:41,11
DA:42,11
DA:43,11
DA:44,11
DA:45,1
DA:46,1
LF:46
LH:42
BRDA:9,0,0,11
BRDA:11,1,0,11
BRDA:12,2,0,25
BRDA:16,3,0,0
BRDA:17,4,0,0
BRDA:23,5,0,17
BRDA:30,6,0,8
BRF:7
BRH:5
end_of_record
TN:
SF:src\redux\actionCreators\updateReservations.ts
FN:9,updateReservations
FNF:1
FNH:1
FNDA:11,updateReservations
DA:1,1
DA:2,1
DA:3,1
DA:4,1
DA:5,1
DA:6,1
DA:7,1
DA:8,1
DA:9,1
DA:10,11
DA:11,11
DA:12,11
DA:13,23
DA:14,23
DA:15,23
DA:16,23
DA:17,23
DA:18,23
DA:19,4
DA:20,4
DA:21,4
DA:22,4
DA:23,4
DA:24,4
DA:25,4
DA:26,19
DA:27,19
DA:28,19
DA:29,23
DA:30,23
DA:31,11
DA:32,11
DA:33,11
DA:34,11
DA:35,11
DA:36,11
DA:37,11
DA:38,11
DA:39,11
DA:40,1
DA:41,1
LF:41
LH:41
BRDA:9,0,0,11
BRDA:11,1,0,11
BRDA:12,2,0,23
BRDA:16,3,0,0
BRDA:18,4,0,4
BRDA:25,5,0,19
BRF:6
BRH:5
end_of_record
TN:
SF:src\redux\actionCreators\updateServices.ts
FN:9,updateServices
FNF:1
FNH:1
FNDA:11,updateServices
DA:1,1
DA:2,1
DA:3,1
DA:4,1
DA:5,1
DA:6,1
DA:7,1
DA:8,1
DA:9,1
DA:10,11
DA:11,11
DA:12,11
DA:13,25
DA:14,25
DA:15,17
DA:16,17
DA:17,17
DA:18,17
DA:19,17
DA:20,17
DA:21,8
DA:22,8
DA:23,8
DA:24,25
DA:25,25
DA:26,11
DA:27,11
DA:28,11
DA:29,11
DA:30,11
DA:31,11
DA:32,11
DA:33,11
DA:34,11
DA:35,1
DA:36,1
LF:36
LH:36
BRDA:9,0,0,11
BRDA:11,1,0,11
BRDA:12,2,0,25
BRDA:14,3,0,17
BRDA:20,4,0,8
BRF:5
BRH:5
end_of_record
TN:
SF:src\redux\reducers\auth.ts
FN:8,auth
FNF:1
FNH:1
FNDA:143,auth
DA:1,1
DA:2,1
DA:3,1
DA:4,1
DA:5,1
DA:6,1
DA:7,1
DA:8,1
DA:9,143
DA:10,143
DA:11,20
DA:12,20
DA:13,20
DA:14,20
DA:15,143
DA:16,143
DA:17,123
DA:18,143
DA:19,143
DA:20,1
DA:21,1
LF:21
LH:21
BRDA:8,0,0,143
BRDA:10,1,0,20
BRDA:16,2,0,123
BRF:3
BRH:3
end_of_record
TN:
SF:src\redux\reducers\database.ts
FN:11,database
FNF:1
FNH:1
FNDA:143,database
DA:1,1
DA:2,1
DA:3,1
DA:4,1
DA:5,1
DA:6,1
DA:7,1
DA:8,1
DA:9,1
DA:10,1
DA:11,1
DA:12,143
DA:13,143
DA:14,6
DA:15,6
DA:16,143
DA:17,143
DA:18,11
DA:19,11
DA:20,11
DA:21,11
DA:22,143
DA:23,143
DA:24,11
DA:25,11
DA:26,11
DA:27,11
DA:28,143
DA:29,143
DA:30,11
DA:31,11
DA:32,11
DA:33,11
DA:34,143
DA:35,143
DA:36,11
DA:37,11
DA:38,11
DA:39,11
DA:40,143
DA:41,93
DA:42,143
DA:43,143
DA:44,1
DA:45,1
LF:45
LH:45
BRDA:11,0,0,143
BRDA:13,1,0,6
BRDA:17,2,0,11
BRDA:23,3,0,11
BRDA:29,4,0,11
BRDA:35,5,0,11
BRDA:40,6,0,93
BRF:7
BRH:7
end_of_record
TN:
SF:src\redux\reducers\status.ts
FN:17,status
FNF:1
FNH:1
FNDA:143,status
DA:1,1
DA:2,1
DA:3,1
DA:4,1
DA:5,1
DA:6,1
DA:7,1
DA:8,1
DA:9,1
DA:10,1
DA:11,1
DA:12,1
DA:13,1
DA:14,1
DA:15,1
DA:16,1
DA:17,1
DA:18,143
DA:19,143
DA:20,0
DA:21,0
DA:22,0
DA:23,0
DA:24,143
DA:25,143
DA:26,143
DA:27,0
DA:28,0
DA:29,0
DA:30,0
DA:31,143
DA:32,143
DA:33,6
DA:34,6
DA:35,6
DA:36,6
DA:37,143
DA:38,143
DA:39,0
DA:40,0
DA:41,0
DA:42,0
DA:43,143
DA:44,143
DA:45,11
DA:46,11
DA:47,11
DA:48,11
DA:49,143
DA:50,143
DA:51,11
DA:52,11
DA:53,11
DA:54,11
DA:55,143
DA:56,143
DA:57,0
DA:58,0
DA:59,0
DA:60,0
DA:61,143
DA:62,143
DA:63,115
DA:64,143
DA:65,143
DA:66,1
DA:67,1
LF:67
LH:51
BRDA:17,0,0,143
BRDA:18,1,0,0
BRDA:19,2,0,0
BRDA:26,3,0,0
BRDA:32,4,0,6
BRDA:38,5,0,0
BRDA:44,6,0,11
BRDA:50,7,0,11
BRDA:56,8,0,0
BRDA:62,9,0,115
BRF:10
BRH:5
end_of_record
TN:
SF:src\routes\AddCustomer\index.tsx
FN:11,AddCustomer
FN:22,handleSubmit
FN:67,onChange
FN:94,onClick
FNF:4
FNH:3
FNDA:14,AddCustomer
FNDA:5,handleSubmit
FNDA:1,onChange
FNDA:0,onClick
DA:1,1
DA:2,1
DA:3,1
DA:4,1
DA:5,1
DA:6,1
DA:7,1
DA:8,1
DA:9,1
DA:10,1
DA:11,1
DA:12,14
DA:13,14
DA:14,14
DA:15,14
DA:16,14
DA:17,14
DA:18,14
DA:19,14
DA:20,14
DA:21,14
DA:22,14
DA:23,5
DA:24,5
DA:25,5
DA:26,5
DA:27,5
DA:28,5
DA:29,5
DA:30,5
DA:31,3
DA:32,3
DA:33,5
DA:34,5
DA:35,2
DA:36,2
DA:37,5
DA:38,14
DA:39,14
DA:40,14
DA:41,14
DA:42,14
DA:43,14
DA:44,14
DA:45,14
DA:46,14
DA:47,14
DA:48,14
DA:49,14
DA:50,14
DA:51,14
DA:52,14
DA:53,14
DA:54,14
DA:55,14
DA:56,14
DA:57,14
DA:58,14
DA:59,14
DA:60,14
DA:61,14
DA:62,14
DA:63,14
DA:64,14
DA:65,14
DA:66,14
DA:67,14
DA:68,14
DA:69,14
DA:70,14
DA:71,14
DA:72,14
DA:73,14
DA:74,14
DA:75,14
DA:76,14
DA:77,14
DA:78,14
DA:79,14
DA:80,14
DA:81,14
DA:82,14
DA:83,14
DA:84,14
DA:85,14
DA:86,14
DA:87,14
DA:88,14
DA:89,14
DA:90,14
DA:91,14
DA:92,14
DA:93,14
DA:94,14
DA:95,14
DA:96,14
DA:97,14
DA:98,14
DA:99,14
DA:100,14
DA:101,14
DA:102,1
DA:103,1
DA:104,1
DA:105,1
DA:106,1
LF:106
LH:106
BRDA:11,0,0,14
BRDA:89,1,0,5
BRDA:89,2,0,9
BRDA:92,3,0,5
BRDA:92,4,0,9
BRDA:22,5,0,5
BRDA:24,6,0,0
BRDA:30,7,0,3
BRDA:34,8,0,2
BRDA:67,9,0,1
BRF:10
BRH:9
end_of_record
TN:
SF:src\routes\AddCustomer\style.ts
FNF:0
FNH:0
DA:1,1
DA:2,1
DA:3,1
DA:4,6
DA:5,6
DA:6,6
DA:7,6
DA:8,6
DA:9,6
DA:10,6
DA:11,6
DA:12,6
DA:13,6
DA:14,6
DA:15,6
DA:16,6
DA:17,6
DA:18,6
DA:19,6
DA:20,6
DA:21,6
DA:22,6
DA:23,6
DA:24,6
DA:25,6
DA:26,6
DA:27,6
DA:28,6
DA:29,6
DA:30,6
DA:31,6
DA:32,6
DA:33,1
DA:34,1
DA:35,1
LF:35
LH:35
BRDA:3,0,0,6
BRF:1
BRH:1
end_of_record
TN:
SF:src\routes\AddEmployee\index.tsx
FN:12,AddEmployee
FNF:1
FNH:0
FNDA:0,AddEmployee
DA:1,1
DA:2,1
DA:3,1
DA:4,1
DA:5,1
DA:6,1
DA:7,1
DA:8,1
DA:9,1
DA:10,1
DA:11,1
DA:12,1
DA:13,0
DA:14,0
DA:15,0
DA:16,0
DA:17,0
DA:18,0
DA:19,0
DA:20,0
DA:21,0
DA:22,0
DA:23,0
DA:24,0
DA:25,0
DA:26,0
DA:27,0
DA:28,0
DA:29,0
DA:30,0
DA:31,0
DA:32,0
DA:33,0
DA:34,0
DA:35,0
DA:36,0
DA:37,0
DA:38,0
DA:39,0
DA:40,0
DA:41,0
DA:42,0
DA:43,0
DA:44,0
DA:45,0
DA:46,0
DA:47,0
DA:48,0
DA:49,0
DA:50,0
DA:51,0
DA:52,0
DA:53,0
DA:54,0
DA:55,0
DA:56,0
DA:57,0
DA:58,0
DA:59,0
DA:60,0
DA:61,0
DA:62,0
DA:63,0
DA:64,0
DA:65,0
DA:66,0
DA:67,0
DA:68,0
DA:69,0
DA:70,0
DA:71,0
DA:72,0
DA:73,0
DA:74,0
DA:75,0
DA:76,1
DA:77,1
DA:78,1
DA:79,1
DA:80,1
LF:80
LH:17
BRF:0
BRH:0
end_of_record
TN:
SF:src\routes\AddEmployee\style.ts
FNF:0
FNH:0
DA:1,1
DA:2,1
DA:3,1
DA:4,0
DA:5,0
DA:6,0
DA:7,0
DA:8,0
DA:9,0
DA:10,0
DA:11,0
DA:12,0
DA:13,0
DA:14,0
DA:15,0
DA:16,0
DA:17,0
DA:18,0
DA:19,0
DA:20,0
DA:21,0
DA:22,0
DA:23,0
DA:24,0
DA:25,0
DA:26,0
DA:27,0
DA:28,0
DA:29,0
DA:30,0
DA:31,0
DA:32,0
DA:33,1
DA:34,1
DA:35,1
LF:35
LH:6
BRF:0
BRH:0
end_of_record
TN:
SF:src\routes\AddReservation\index.tsx
FN:35,AddReservation
FN:92,handleSubmit
FN:129,onConfirm
FN:147,handleChangeDate
FN:148,handleChangeCustomer
FN:149,handleChangeEmployeeId
FN:174,getOptionLabel
FN:181,renderInput
FN:279,onClick
FNF:9
FNH:6
FNDA:41,AddReservation
FNDA:7,handleSubmit
FNDA:0,onConfirm
FNDA:9,handleChangeDate
FNDA:8,handleChangeCustomer
FNDA:0,handleChangeEmployeeId
FNDA:66,getOptionLabel
FNDA:58,renderInput
FNDA:0,onClick
DA:1,1
DA:2,1
DA:3,1
DA:4,1
DA:5,1
DA:6,1
DA:7,1
DA:8,1
DA:9,1
DA:10,1
DA:11,1
DA:12,1
DA:13,1
DA:14,1
DA:15,1
DA:16,1
DA:17,1
DA:18,1
DA:19,1
DA:20,1
DA:21,1
DA:22,1
DA:23,1
DA:24,1
DA:25,1
DA:26,1
DA:27,1
DA:28,1
DA:29,1
DA:30,1
DA:31,1
DA:32,1
DA:33,1
DA:34,1
DA:35,1
DA:36,41
DA:37,41
DA:38,41
DA:39,41
DA:40,41
DA:41,41
DA:42,41
DA:43,41
DA:44,41
DA:45,41
DA:46,41
DA:47,41
DA:48,41
DA:49,41
DA:50,41
DA:51,41
DA:52,10
DA:53,10
DA:54,10
DA:55,10
DA:56,10
DA:57,10
DA:58,1
DA:59,1
DA:60,1
DA:61,1
DA:62,10
DA:63,10
DA:64,10
DA:65,3
DA:66,3
DA:67,3
DA:68,3
DA:69,10
DA:70,10
DA:71,10
DA:72,3
DA:73,3
DA:74,3
DA:75,3
DA:76,0
DA:77,3
DA:78,0
DA:79,0
DA:80,3
DA:81,2
DA:82,2
DA:83,3
DA:84,3
DA:85,10
DA:86,10
DA:87,10
DA:88,10
DA:89,10
DA:90,41
DA:91,41
DA:92,41
DA:93,7
DA:94,7
DA:95,7
DA:96,7
DA:97,7
DA:98,7
DA:99,7
DA:100,7
DA:101,7
DA:102,7
DA:103,7
DA:104,7
DA:105,7
DA:106,7
DA:107,7
DA:108,7
DA:109,7
DA:110,7
DA:111,4
DA:112,4
DA:113,4
DA:114,4
DA:115,7
DA:116,7
DA:117,3
DA:118,3
DA:119,0
DA:120,0
DA:121,0
DA:122,0
DA:123,0
DA:124,0
DA:125,0
DA:126,0
DA:127,0
DA:128,0
DA:129,0
DA:130,0
DA:131,0
DA:132,0
DA:133,0
DA:134,0
DA:135,0
DA:136,0
DA:137,0
DA:138,0
DA:139,3
DA:140,3
DA:141,3
DA:142,3
DA:143,7
DA:144,41
DA:145,41
DA:146,41
DA:147,41
DA:148,41
DA:149,41
DA:150,41
DA:151,41
DA:152,41
DA:153,41
DA:154,0
DA:155,0
DA:156,0
DA:157,0
DA:158,0
DA:159,0
DA:160,41
DA:161,41
DA:162,41
DA:163,41
DA:164,41
DA:165,41
DA:166,41
DA:167,41
DA:168,41
DA:169,41
DA:170,41
DA:171,41
DA:172,41
DA:173,41
DA:174,41
DA:175,66
DA:176,66
DA:177,66
DA:178,41
DA:179,41
DA:180,41
DA:181,41
DA:182,58
DA:183,58
DA:184,58
DA:185,58
DA:186,58
DA:187,58
DA:188,58
DA:189,58
DA:190,58
DA:191,58
DA:192,58
DA:193,58
DA:194,41
DA:195,41
DA:196,41
DA:197,41
DA:198,41
DA:199,41
DA:200,41
DA:201,41
DA:202,41
DA:203,41
DA:204,41
DA:205,41
DA:206,41
DA:207,41
DA:208,41
DA:209,41
DA:210,41
DA:211,41
DA:212,41
DA:213,41
DA:214,41
DA:215,41
DA:216,41
DA:217,41
DA:218,41
DA:219,41
DA:220,41
DA:221,41
DA:222,41
DA:223,41
DA:224,41
DA:225,41
DA:226,41
DA:227,71
DA:228,71
DA:229,71
DA:230,41
DA:231,41
DA:232,41
DA:233,41
DA:234,41
DA:235,41
DA:236,41
DA:237,41
DA:238,41
DA:239,41
DA:240,41
DA:241,41
DA:242,41
DA:243,41
DA:244,41
DA:245,41
DA:246,41
DA:247,41
DA:248,71
DA:249,71
DA:250,71
DA:251,41
DA:252,41
DA:253,41
DA:254,41
DA:255,41
DA:256,41
DA:257,41
DA:258,41
DA:259,41
DA:260,41
DA:261,41
DA:262,41
DA:263,41
DA:264,41
DA:265,41
DA:266,41
DA:267,41
DA:268,41
DA:269,41
DA:270,41
DA:271,41
DA:272,41
DA:273,41
DA:274,41
DA:275,41
DA:276,41
DA:277,41
DA:278,41
DA:279,41
DA:280,41
DA:281,41
DA:282,41
DA:283,41
DA:284,41
DA:285,41
DA:286,41
DA:287,1
DA:288,1
DA:289,1
DA:290,1
DA:291,1
LF:291
LH:262
BRDA:35,0,0,41
BRDA:44,1,0,0
BRDA:153,2,0,0
BRDA:274,3,0,7
BRDA:274,4,0,34
BRDA:277,5,0,7
BRDA:277,6,0,34
BRDA:51,7,0,10
BRDA:57,8,0,1
BRDA:59,9,0,0
BRDA:64,10,0,3
BRDA:66,11,0,0
BRDA:71,12,0,3
BRDA:71,13,0,3
BRDA:75,14,0,0
BRDA:77,15,0,0
BRDA:80,16,0,2
BRDA:83,17,0,1
BRDA:87,18,0,1
BRDA:88,19,0,3
BRDA:89,20,0,3
BRDA:58,21,0,1
BRDA:65,22,0,3
BRDA:92,23,0,7
BRDA:94,24,0,0
BRDA:110,25,0,4
BRDA:116,26,0,3
BRDA:118,27,0,0
BRDA:147,28,0,9
BRDA:148,29,0,8
BRDA:174,30,0,66
BRDA:176,31,0,51
BRDA:176,32,0,15
BRDA:177,33,0,0
BRDA:181,34,0,58
BRDA:226,35,0,71
BRDA:247,36,0,71
BRF:37
BRH:28
end_of_record
TN:
SF:src\routes\AddReservation\style.ts
FNF:0
FNH:0
DA:1,1
DA:2,1
DA:3,1
DA:4,11
DA:5,11
DA:6,11
DA:7,11
DA:8,11
DA:9,11
DA:10,11
DA:11,11
DA:12,11
DA:13,11
DA:14,11
DA:15,11
DA:16,11
DA:17,11
DA:18,11
DA:19,11
DA:20,11
DA:21,11
DA:22,11
DA:23,11
DA:24,11
DA:25,11
DA:26,11
DA:27,11
DA:28,11
DA:29,11
DA:30,11
DA:31,11
DA:32,11
DA:33,11
DA:34,11
DA:35,11
DA:36,11
DA:37,11
DA:38,11
DA:39,11
DA:40,11
DA:41,1
DA:42,1
DA:43,1
LF:43
LH:43
BRDA:3,0,0,11
BRF:1
BRH:1
end_of_record
TN:
SF:src\routes\AddService\index.tsx
FN:21,AddService
FN:31,handleSubmit
FN:85,onClick
FNF:3
FNH:2
FNDA:13,AddService
FNDA:5,handleSubmit
FNDA:0,onClick
DA:1,1
DA:2,1
DA:3,1
DA:4,1
DA:5,1
DA:6,1
DA:7,1
DA:8,1
DA:9,1
DA:10,1
DA:11,1
DA:12,1
DA:13,1
DA:14,1
DA:15,1
DA:16,1
DA:17,1
DA:18,1
DA:19,1
DA:20,1
DA:21,1
DA:22,13
DA:23,13
DA:24,13
DA:25,13
DA:26,13
DA:27,13
DA:28,13
DA:29,13
DA:30,13
DA:31,13
DA:32,5
DA:33,5
DA:34,5
DA:35,5
DA:36,5
DA:37,5
DA:38,5
DA:39,5
DA:40,3
DA:41,3
DA:42,5
DA:43,5
DA:44,2
DA:45,2
DA:46,5
DA:47,13
DA:48,13
DA:49,13
DA:50,13
DA:51,13
DA:52,13
DA:53,13
DA:54,13
DA:55,13
DA:56,13
DA:57,13
DA:58,13
DA:59,13
DA:60,13
DA:61,13
DA:62,13
DA:63,13
DA:64,13
DA:65,13
DA:66,13
DA:67,156
DA:68,156
DA:69,156
DA:70,13
DA:71,13
DA:72,13
DA:73,13
DA:74,13
DA:75,13
DA:76,13
DA:77,13
DA:78,13
DA:79,13
DA:80,13
DA:81,13
DA:82,13
DA:83,13
DA:84,13
DA:85,13
DA:86,13
DA:87,13
DA:88,13
DA:89,13
DA:90,13
DA:91,13
DA:92,13
DA:93,1
DA:94,1
DA:95,1
DA:96,1
DA:97,1
LF:97
LH:97
BRDA:21,0,0,13
BRDA:80,1,0,5
BRDA:80,2,0,8
BRDA:83,3,0,5
BRDA:83,4,0,8
BRDA:31,5,0,5
BRDA:33,6,0,0
BRDA:39,7,0,3
BRDA:43,8,0,2
BRDA:66,9,0,156
BRF:10
BRH:9
end_of_record
TN:
SF:src\routes\AddService\style.ts
FNF:0
FNH:0
DA:1,1
DA:2,1
DA:3,1
DA:4,6
DA:5,6
DA:6,6
DA:7,6
DA:8,6
DA:9,6
DA:10,6
DA:11,6
DA:12,6
DA:13,6
DA:14,6
DA:15,6
DA:16,6
DA:17,6
DA:18,6
DA:19,6
DA:20,6
DA:21,6
DA:22,6
DA:23,6
DA:24,6
DA:25,6
DA:26,6
DA:27,6
DA:28,6
DA:29,6
DA:30,6
DA:31,6
DA:32,6
DA:33,6
DA:34,6
DA:35,6
DA:36,6
DA:37,6
DA:38,1
DA:39,1
DA:40,1
LF:40
LH:40
BRDA:3,0,0,6
BRF:1
BRH:1
end_of_record
TN:
SF:src\routes\Birthdays\index.tsx
FN:21,mapStateToProps
FN:24,mapDispatchToProps
FN:28,Birthdays
FN:41,rectifyDate
FN:83,onRowClick
FN:88,render
FN:97,render
FN:117,onRowClick
FN:122,render
FN:131,render
FNF:10
FNH:3
FNDA:1,mapStateToProps
FNDA:1,mapDispatchToProps
FNDA:1,Birthdays
FNDA:0,rectifyDate
FNDA:0,onRowClick
FNDA:0,render
FNDA:0,render
FNDA:0,onRowClick
FNDA:0,render
FNDA:0,render
DA:1,1
DA:2,1
DA:3,1
DA:4,1
DA:5,1
DA:6,1
DA:7,1
DA:8,1
DA:9,1
DA:10,1
DA:11,1
DA:12,1
DA:13,1
DA:14,1
DA:15,1
DA:16,1
DA:17,1
DA:18,1
DA:19,1
DA:20,1
DA:21,1
DA:22,1
DA:23,1
DA:24,1
DA:25,1
DA:26,1
DA:27,1
DA:28,1
DA:29,1
DA:30,1
DA:31,1
DA:32,1
DA:33,1
DA:34,1
DA:35,1
DA:36,1
DA:37,1
DA:38,1
DA:39,1
DA:40,1
DA:41,1
DA:42,0
DA:43,0
DA:44,1
DA:45,1
DA:46,1
DA:47,1
DA:48,1
DA:49,1
DA:50,0
DA:51,0
DA:52,0
DA:53,0
DA:54,0
DA:55,1
DA:56,1
DA:57,1
DA:58,1
DA:59,1
DA:60,1
DA:61,0
DA:62,0
DA:63,0
DA:64,0
DA:65,1
DA:66,1
DA:67,1
DA:68,1
DA:69,1
DA:70,0
DA:71,0
DA:72,0
DA:73,0
DA:74,1
DA:75,1
DA:76,1
DA:77,1
DA:78,1
DA:79,1
DA:80,0
DA:81,0
DA:82,0
DA:83,0
DA:84,0
DA:85,0
DA:86,0
DA:87,0
DA:88,0
DA:89,0
DA:90,0
DA:91,0
DA:92,0
DA:93,0
DA:94,0
DA:95,0
DA:96,0
DA:97,0
DA:98,0
DA:99,0
DA:100,0
DA:101,0
DA:102,0
DA:103,0
DA:104,0
DA:105,0
DA:106,0
DA:107,0
DA:108,0
DA:109,0
DA:110,0
DA:111,0
DA:112,0
DA:113,0
DA:114,0
DA:115,0
DA:116,0
DA:117,0
DA:118,0
DA:119,0
DA:120,0
DA:121,0
DA:122,0
DA:123,0
DA:124,0
DA:125,0
DA:126,0
DA:127,0
DA:128,0
DA:129,0
DA:130,0
DA:131,0
DA:132,0
DA:133,0
DA:134,0
DA:135,0
DA:136,0
DA:137,0
DA:138,0
DA:139,0
DA:140,0
DA:141,0
DA:142,0
DA:143,0
DA:144,0
DA:145,0
DA:146,0
DA:147,0
DA:148,0
DA:149,1
DA:150,1
DA:151,1
DA:152,1
DA:153,1
DA:154,1
DA:155,1
DA:156,1
DA:157,1
DA:158,1
DA:159,1
DA:160,1
LF:160
LH:76
BRDA:21,0,0,1
BRDA:24,1,0,1
BRDA:28,2,0,1
BRDA:29,3,0,0
BRDA:79,4,0,0
BRDA:47,5,0,1
BRF:6
BRH:4
end_of_record
TN:
SF:src\routes\Birthdays\style.ts
FNF:0
FNH:0
DA:1,1
DA:2,1
DA:3,1
DA:4,1
DA:5,1
DA:6,1
DA:7,1
DA:8,1
DA:9,1
DA:10,1
DA:11,1
DA:12,1
DA:13,1
DA:14,1
DA:15,1
DA:16,1
DA:17,1
DA:18,1
DA:19,1
DA:20,1
DA:21,1
DA:22,1
DA:23,1
DA:24,1
DA:25,1
DA:26,1
DA:27,1
DA:28,1
DA:29,1
DA:30,1
DA:31,1
DA:32,1
DA:33,1
DA:34,1
DA:35,1
DA:36,1
DA:37,1
DA:38,1
DA:39,1
DA:40,1
DA:41,1
DA:42,1
DA:43,1
DA:44,1
DA:45,1
DA:46,1
DA:47,1
DA:48,1
DA:49,1
DA:50,1
DA:51,1
DA:52,1
LF:52
LH:52
BRDA:3,0,0,1
BRF:1
BRH:1
end_of_record
TN:
SF:src\routes\CustomerDetails\TabPanel.tsx
FN:10,TabPanel
FNF:1
FNH:1
FNDA:12,TabPanel
DA:1,1
DA:2,1
DA:3,1
DA:4,1
DA:5,1
DA:6,1
DA:7,1
DA:8,1
DA:9,1
DA:10,1
DA:11,12
DA:12,12
DA:13,12
DA:14,12
DA:15,12
DA:16,12
DA:17,1
DA:18,1
LF:18
LH:18
BRDA:10,0,0,12
BRDA:13,1,0,6
BRF:2
BRH:2
end_of_record
TN:
SF:src\routes\CustomerDetails\index.tsx
FN:42,CustomerDetails
FN:78,handleDeleteCustomer
FN:106,onClick
FN:127,onClick
FN:138,onClick
FN:149,onClick
FN:216,onChange
FNF:7
FNH:4
FNDA:6,CustomerDetails
FNDA:0,handleDeleteCustomer
FNDA:0,onClick
FNDA:1,onClick
FNDA:3,onClick
FNDA:1,onClick
FNDA:0,onChange
DA:1,1
DA:2,1
DA:3,1
DA:4,1
DA:5,1
DA:6,1
DA:7,1
DA:8,1
DA:9,1
DA:10,1
DA:11,1
DA:12,1
DA:13,1
DA:14,1
DA:15,1
DA:16,1
DA:17,1
DA:18,1
DA:19,1
DA:20,1
DA:21,1
DA:22,1
DA:23,1
DA:24,1
DA:25,1
DA:26,1
DA:27,1
DA:28,1
DA:29,1
DA:30,1
DA:31,1
DA:32,1
DA:33,1
DA:34,1
DA:35,1
DA:36,1
DA:37,1
DA:38,1
DA:39,1
DA:40,1
DA:41,1
DA:42,1
DA:43,6
DA:44,6
DA:45,6
DA:46,6
DA:47,6
DA:48,6
DA:49,6
DA:50,6
DA:51,6
DA:52,6
DA:53,6
DA:54,6
DA:55,6
DA:56,6
DA:57,0
DA:58,0
DA:59,0
DA:60,0
DA:61,6
DA:62,6
DA:63,6
DA:64,6
DA:65,6
DA:66,6
DA:67,6
DA:68,6
DA:69,6
DA:70,6
DA:71,6
DA:72,0
DA:73,6
DA:74,6
DA:75,6
DA:76,6
DA:77,6
DA:78,6
DA:79,0
DA:80,0
DA:81,0
DA:82,0
DA:83,0
DA:84,0
DA:85,0
DA:86,0
DA:87,0
DA:88,0
DA:89,0
DA:90,0
DA:91,0
DA:92,0
DA:93,0
DA:94,0
DA:95,6
DA:96,6
DA:97,6
DA:98,6
DA:99,6
DA:100,6
DA:101,6
DA:102,6
DA:103,6
DA:104,6
DA:105,6
DA:106,6
DA:107,6
DA:108,6
DA:109,6
DA:110,6
DA:111,6
DA:112,6
DA:113,6
DA:114,6
DA:115,6
DA:116,6
DA:117,6
DA:118,6
DA:119,6
DA:120,6
DA:121,6
DA:122,6
DA:123,6
DA:124,6
DA:125,6
DA:126,6
DA:127,6
DA:128,6
DA:129,6
DA:130,6
DA:131,6
DA:132,6
DA:133,6
DA:134,6
DA:135,6
DA:136,6
DA:137,6
DA:138,6
DA:139,6
DA:140,6
DA:141,6
DA:142,6
DA:143,6
DA:144,6
DA:145,6
DA:146,6
DA:147,6
DA:148,6
DA:149,6
DA:150,1
DA:151,6
DA:152,6
DA:153,6
DA:154,6
DA:155,6
DA:156,6
DA:157,6
DA:158,6
DA:159,6
DA:160,6
DA:161,6
DA:162,6
DA:163,6
DA:164,6
DA:165,6
DA:166,6
DA:167,6
DA:168,6
DA:169,6
DA:170,6
DA:171,6
DA:172,6
DA:173,6
DA:174,6
DA:175,6
DA:176,6
DA:177,6
DA:178,6
DA:179,6
DA:180,18
DA:181,18
DA:182,18
DA:183,18
DA:184,6
DA:185,6
DA:186,6
DA:187,6
DA:188,6
DA:189,6
DA:190,6
DA:191,6
DA:192,6
DA:193,6
DA:194,6
DA:195,6
DA:196,6
DA:197,6
DA:198,6
DA:199,6
DA:200,6
DA:201,6
DA:202,6
DA:203,6
DA:204,6
DA:205,6
DA:206,6
DA:207,18
DA:208,18
DA:209,18
DA:210,18
DA:211,6
DA:212,6
DA:213,6
DA:214,6
DA:215,6
DA:216,6
DA:217,6
DA:218,6
DA:219,6
DA:220,6
DA:221,6
DA:222,6
DA:223,6
DA:224,6
DA:225,6
DA:226,6
DA:227,6
DA:228,6
DA:229,0
DA:230,0
DA:231,0
DA:232,6
DA:233,6
DA:234,6
DA:235,6
DA:236,6
DA:237,6
DA:238,0
DA:239,5
DA:240,5
DA:241,5
DA:242,0
DA:243,6
DA:244,6
DA:245,6
DA:246,6
DA:247,6
DA:248,6
DA:249,6
DA:250,6
DA:251,6
DA:252,6
DA:253,1
DA:254,1
DA:255,1
DA:256,1
DA:257,1
LF:257
LH:231
BRDA:42,0,0,6
BRDA:51,1,0,0
BRDA:56,2,0,0
BRDA:166,3,0,0
BRDA:228,4,0,0
BRDA:237,5,0,0
BRDA:54,6,0,6
BRDA:63,7,0,6
BRDA:70,8,0,6
BRDA:72,9,0,0
BRDA:127,10,0,1
BRDA:138,11,0,3
BRDA:149,12,0,1
BRDA:179,13,0,18
BRDA:182,14,0,12
BRDA:206,15,0,18
BRDA:209,16,0,12
BRDA:223,17,0,6
BRDA:238,18,0,5
BRF:19
BRH:13
end_of_record
TN:
SF:src\routes\CustomerDetails\style.ts
FNF:0
FNH:0
DA:1,1
DA:2,1
DA:3,1
DA:4,6
DA:5,6
DA:6,6
DA:7,6
DA:8,6
DA:9,6
DA:10,6
DA:11,6
DA:12,6
DA:13,6
DA:14,6
DA:15,1
DA:16,1
DA:17,1
LF:17
LH:17
BRDA:3,0,0,6
BRF:1
BRH:1
end_of_record
TN:
SF:src\routes\Customers\index.tsx
FN:12,mapStateToProps
FN:18,Customers
FN:23,handleEditData
FN:24,handleAddElement
FN:25,handleNewReservation
FN:26,handleCustomerDetails
FN:39,render
FNF:7
FNH:3
FNDA:1,mapStateToProps
FNDA:1,Customers
FNDA:0,handleEditData
FNDA:0,handleAddElement
FNDA:0,handleNewReservation
FNDA:0,handleCustomerDetails
FNDA:2,render
DA:1,1
DA:2,1
DA:3,1
DA:4,1
DA:5,1
DA:6,1
DA:7,1
DA:8,1
DA:9,1
DA:10,1
DA:11,1
DA:12,1
DA:13,1
DA:14,1
DA:15,1
DA:16,1
DA:17,1
DA:18,1
DA:19,1
DA:20,1
DA:21,1
DA:22,1
DA:23,1
DA:24,1
DA:25,1
DA:26,1
DA:27,1
DA:28,1
DA:29,1
DA:30,1
DA:31,1
DA:32,1
DA:33,1
DA:34,1
DA:35,1
DA:36,1
DA:37,1
DA:38,1
DA:39,1
DA:40,1
DA:41,1
DA:42,1
DA:43,1
DA:44,1
DA:45,1
DA:46,1
DA:47,1
DA:48,1
DA:49,1
DA:50,1
DA:51,1
DA:52,1
DA:53,1
DA:54,1
DA:55,1
DA:56,1
DA:57,1
DA:58,1
DA:59,1
DA:60,1
DA:61,1
DA:62,1
DA:63,1
DA:64,1
DA:65,1
DA:66,1
DA:67,1
DA:68,1
DA:69,1
DA:70,1
DA:71,1
DA:72,1
DA:73,1
DA:74,1
DA:75,1
DA:76,1
DA:77,1
DA:78,1
DA:79,1
DA:80,1
DA:81,1
LF:81
LH:81
BRDA:12,0,0,1
BRDA:18,1,0,1
BRDA:21,2,0,0
BRDA:39,3,0,2
BRF:4
BRH:3
end_of_record
TN:
SF:src\routes\Customers\style.ts
FNF:0
FNH:0
DA:1,1
DA:2,1
DA:3,1
DA:4,1
DA:5,1
DA:6,1
DA:7,1
DA:8,1
DA:9,1
DA:10,1
DA:11,1
DA:12,1
DA:13,1
DA:14,1
DA:15,1
DA:16,1
DA:17,1
DA:18,1
DA:19,1
DA:20,1
DA:21,1
DA:22,1
DA:23,1
DA:24,1
DA:25,1
DA:26,1
DA:27,1
DA:28,1
DA:29,1
DA:30,1
DA:31,1
DA:32,1
DA:33,1
DA:34,1
DA:35,1
DA:36,1
DA:37,1
DA:38,1
DA:39,1
DA:40,1
DA:41,1
DA:42,1
DA:43,1
DA:44,1
LF:44
LH:44
BRDA:3,0,0,1
BRF:1
BRH:1
end_of_record
TN:
SF:src\routes\EditCustomer\index.tsx
FN:13,EditCustomer
FN:41,handleSubmit
FN:105,onChange
FN:132,onClick
FNF:4
FNH:3
FNDA:20,EditCustomer
FNDA:7,handleSubmit
FNDA:1,onChange
FNDA:0,onClick
DA:1,1
DA:2,1
DA:3,1
DA:4,1
DA:5,1
DA:6,1
DA:7,1
DA:8,1
DA:9,1
DA:10,1
DA:11,1
DA:12,1
DA:13,1
DA:14,20
DA:15,20
DA:16,20
DA:17,20
DA:18,20
DA:19,20
DA:20,20
DA:21,20
DA:22,20
DA:23,20
DA:24,20
DA:25,20
DA:26,20
DA:27,20
DA:28,20
DA:29,20
DA:30,20
DA:31,20
DA:32,20
DA:33,20
DA:34,0
DA:35,0
DA:36,0
DA:37,0
DA:38,20
DA:39,20
DA:40,20
DA:41,20
DA:42,7
DA:43,7
DA:44,7
DA:45,7
DA:46,7
DA:47,7
DA:48,7
DA:49,7
DA:50,4
DA:51,4
DA:52,7
DA:53,7
DA:54,3
DA:55,3
DA:56,7
DA:57,20
DA:58,20
DA:59,20
DA:60,20
DA:61,20
DA:62,20
DA:63,20
DA:64,20
DA:65,20
DA:66,20
DA:67,20
DA:68,20
DA:69,20
DA:70,20
DA:71,20
DA:72,20
DA:73,20
DA:74,20
DA:75,20
DA:76,20
DA:77,20
DA:78,20
DA:79,20
DA:80,20
DA:81,20
DA:82,20
DA:83,20
DA:84,20
DA:85,20
DA:86,20
DA:87,20
DA:88,20
DA:89,20
DA:90,20
DA:91,20
DA:92,20
DA:93,20
DA:94,20
DA:95,20
DA:96,20
DA:97,20
DA:98,20
DA:99,20
DA:100,20
DA:101,20
DA:102,20
DA:103,20
DA:104,20
DA:105,20
DA:106,20
DA:107,20
DA:108,20
DA:109,20
DA:110,20
DA:111,20
DA:112,20
DA:113,20
DA:114,20
DA:115,20
DA:116,20
DA:117,20
DA:118,20
DA:119,20
DA:120,20
DA:121,20
DA:122,20
DA:123,20
DA:124,20
DA:125,20
DA:126,20
DA:127,20
DA:128,20
DA:129,20
DA:130,20
DA:131,20
DA:132,20
DA:133,20
DA:134,20
DA:135,20
DA:136,20
DA:137,20
DA:138,20
DA:139,20
DA:140,1
DA:141,1
DA:142,1
DA:143,1
DA:144,1
LF:144
LH:140
BRDA:13,0,0,20
BRDA:27,1,0,0
BRDA:33,2,0,0
BRDA:78,3,0,5
BRDA:127,4,0,7
BRDA:127,5,0,13
BRDA:130,6,0,7
BRDA:130,7,0,13
BRDA:31,8,0,20
BRDA:41,9,0,7
BRDA:43,10,0,0
BRDA:49,11,0,4
BRDA:53,12,0,3
BRDA:105,13,0,1
BRF:14
BRH:11
end_of_record
TN:
SF:src\routes\EditCustomer\style.ts
FNF:0
FNH:0
DA:1,1
DA:2,1
DA:3,1
DA:4,9
DA:5,9
DA:6,9
DA:7,9
DA:8,9
DA:9,9
DA:10,9
DA:11,9
DA:12,9
DA:13,9
DA:14,9
DA:15,9
DA:16,9
DA:17,9
DA:18,9
DA:19,9
DA:20,9
DA:21,9
DA:22,9
DA:23,9
DA:24,9
DA:25,9
DA:26,9
DA:27,9
DA:28,9
DA:29,9
DA:30,9
DA:31,9
DA:32,9
DA:33,1
DA:34,1
DA:35,1
LF:35
LH:35
BRDA:3,0,0,9
BRF:1
BRH:1
end_of_record
TN:
SF:src\routes\EditEmployee\index.tsx
FN:13,AddEmployee
FN:45,handleSubmit
FN:97,onClick
FNF:3
FNH:2
FNDA:13,AddEmployee
FNDA:5,handleSubmit
FNDA:0,onClick
DA:1,1
DA:2,1
DA:3,1
DA:4,1
DA:5,1
DA:6,1
DA:7,1
DA:8,1
DA:9,1
DA:10,1
DA:11,1
DA:12,1
DA:13,1
DA:14,13
DA:15,13
DA:16,13
DA:17,13
DA:18,13
DA:19,13
DA:20,13
DA:21,13
DA:22,13
DA:23,13
DA:24,13
DA:25,13
DA:26,13
DA:27,13
DA:28,13
DA:29,13
DA:30,13
DA:31,13
DA:32,13
DA:33,13
DA:34,0
DA:35,0
DA:36,0
DA:37,0
DA:38,13
DA:39,13
DA:40,13
DA:41,13
DA:42,13
DA:43,13
DA:44,13
DA:45,13
DA:46,5
DA:47,5
DA:48,5
DA:49,5
DA:50,5
DA:51,5
DA:52,5
DA:53,5
DA:54,3
DA:55,3
DA:56,5
DA:57,5
DA:58,2
DA:59,2
DA:60,5
DA:61,13
DA:62,13
DA:63,13
DA:64,13
DA:65,13
DA:66,13
DA:67,13
DA:68,13
DA:69,13
DA:70,13
DA:71,13
DA:72,13
DA:73,13
DA:74,13
DA:75,13
DA:76,13
DA:77,13
DA:78,13
DA:79,13
DA:80,13
DA:81,13
DA:82,13
DA:83,13
DA:84,13
DA:85,13
DA:86,13
DA:87,13
DA:88,13
DA:89,13
DA:90,13
DA:91,13
DA:92,13
DA:93,13
DA:94,13
DA:95,13
DA:96,13
DA:97,13
DA:98,13
DA:99,13
DA:100,13
DA:101,13
DA:102,13
DA:103,13
DA:104,13
DA:105,1
DA:106,1
DA:107,1
DA:108,1
DA:109,1
LF:109
LH:105
BRDA:13,0,0,13
BRDA:27,1,0,0
BRDA:33,2,0,0
BRDA:92,3,0,5
BRDA:92,4,0,8
BRDA:95,5,0,5
BRDA:95,6,0,8
BRDA:31,7,0,13
BRDA:45,8,0,5
BRDA:47,9,0,0
BRDA:53,10,0,3
BRDA:57,11,0,2
BRF:12
BRH:9
end_of_record
TN:
SF:src\routes\EditEmployee\style.ts
FNF:0
FNH:0
DA:1,1
DA:2,1
DA:3,1
DA:4,6
DA:5,6
DA:6,6
DA:7,6
DA:8,6
DA:9,6
DA:10,6
DA:11,6
DA:12,6
DA:13,6
DA:14,6
DA:15,6
DA:16,6
DA:17,6
DA:18,6
DA:19,6
DA:20,6
DA:21,6
DA:22,6
DA:23,6
DA:24,6
DA:25,6
DA:26,6
DA:27,6
DA:28,6
DA:29,6
DA:30,6
DA:31,6
DA:32,6
DA:33,1
DA:34,1
DA:35,1
LF:35
LH:35
BRDA:3,0,0,6
BRF:1
BRH:1
end_of_record
TN:
SF:src\routes\EditReservation\index.tsx
FN:28,EditReservation
FN:59,handleSubmit
FN:95,onCancel
FN:100,onConfirm
FN:118,handleChangeDate
FN:121,handleChangeCustomer
FN:148,getOptionLabel
FN:155,renderInput
FN:253,onClick
FNF:9
FNH:5
FNDA:23,EditReservation
FNDA:5,handleSubmit
FNDA:0,onCancel
FNDA:0,onConfirm
FNDA:7,handleChangeDate
FNDA:0,handleChangeCustomer
FNDA:76,getOptionLabel
FNDA:44,renderInput
FNDA:0,onClick
DA:1,1
DA:2,1
DA:3,1
DA:4,1
DA:5,1
DA:6,1
DA:7,1
DA:8,1
DA:9,1
DA:10,1
DA:11,1
DA:12,1
DA:13,1
DA:14,1
DA:15,1
DA:16,1
DA:17,1
DA:18,1
DA:19,1
DA:20,1
DA:21,1
DA:22,1
DA:23,1
DA:24,1
DA:25,1
DA:26,1
DA:27,1
DA:28,1
DA:29,23
DA:30,23
DA:31,23
DA:32,23
DA:33,23
DA:34,23
DA:35,23
DA:36,23
DA:37,23
DA:38,23
DA:39,23
DA:40,23
DA:41,23
DA:42,23
DA:43,23
DA:44,0
DA:45,0
DA:46,0
DA:47,0
DA:48,23
DA:49,23
DA:50,0
DA:51,0
DA:52,0
DA:53,0
DA:54,23
DA:55,23
DA:56,23
DA:57,23
DA:58,23
DA:59,23
DA:60,5
DA:61,5
DA:62,5
DA:63,5
DA:64,5
DA:65,5
DA:66,5
DA:67,5
DA:68,5
DA:69,5
DA:70,5
DA:71,5
DA:72,5
DA:73,5
DA:74,5
DA:75,5
DA:76,5
DA:77,5
DA:78,5
DA:79,3
DA:80,3
DA:81,3
DA:82,3
DA:83,5
DA:84,5
DA:85,2
DA:86,2
DA:87,0
DA:88,0
DA:89,0
DA:90,0
DA:91,0
DA:92,0
DA:93,0
DA:94,0
DA:95,0
DA:96,0
DA:97,0
DA:98,0
DA:99,0
DA:100,0
DA:101,0
DA:102,0
DA:103,0
DA:104,0
DA:105,0
DA:106,0
DA:107,0
DA:108,0
DA:109,0
DA:110,2
DA:111,2
DA:112,2
DA:113,2
DA:114,5
DA:115,23
DA:116,23
DA:117,23
DA:118,23
DA:119,7
DA:120,23
DA:121,23
DA:122,0
DA:123,23
DA:124,23
DA:125,23
DA:126,23
DA:127,23
DA:128,23
DA:129,23
DA:130,23
DA:131,23
DA:132,23
DA:133,23
DA:134,23
DA:135,23
DA:136,23
DA:137,23
DA:138,23
DA:139,23
DA:140,23
DA:141,23
DA:142,23
DA:143,23
DA:144,23
DA:145,23
DA:146,23
DA:147,23
DA:148,23
DA:149,76
DA:150,76
DA:151,76
DA:152,23
DA:153,23
DA:154,23
DA:155,23
DA:156,44
DA:157,44
DA:158,44
DA:159,44
DA:160,44
DA:161,44
DA:162,44
DA:163,44
DA:164,44
DA:165,44
DA:166,44
DA:167,44
DA:168,23
DA:169,23
DA:170,23
DA:171,23
DA:172,23
DA:173,23
DA:174,23
DA:175,23
DA:176,23
DA:177,23
DA:178,23
DA:179,23
DA:180,23
DA:181,23
DA:182,23
DA:183,23
DA:184,23
DA:185,23
DA:186,23
DA:187,23
DA:188,23
DA:189,23
DA:190,23
DA:191,23
DA:192,23
DA:193,23
DA:194,23
DA:195,23
DA:196,23
DA:197,23
DA:198,23
DA:199,23
DA:200,23
DA:201,46
DA:202,46
DA:203,46
DA:204,23
DA:205,23
DA:206,23
DA:207,23
DA:208,23
DA:209,23
DA:210,23
DA:211,23
DA:212,23
DA:213,23
DA:214,23
DA:215,23
DA:216,23
DA:217,23
DA:218,23
DA:219,23
DA:220,23
DA:221,46
DA:222,46
DA:223,46
DA:224,23
DA:225,23
DA:226,23
DA:227,23
DA:228,23
DA:229,23
DA:230,23
DA:231,23
DA:232,23
DA:233,23
DA:234,23
DA:235,23
DA:236,23
DA:237,23
DA:238,23
DA:239,23
DA:240,23
DA:241,23
DA:242,23
DA:243,23
DA:244,23
DA:245,23
DA:246,23
DA:247,23
DA:248,23
DA:249,23
DA:250,23
DA:251,23
DA:252,23
DA:253,23
DA:254,23
DA:255,23
DA:256,23
DA:257,23
DA:258,23
DA:259,23
DA:260,23
DA:261,1
DA:262,1
DA:263,1
DA:264,1
DA:265,1
LF:265
LH:233
BRDA:28,0,0,23
BRDA:37,1,0,0
BRDA:43,2,0,0
BRDA:49,3,0,0
BRDA:236,4,0,0
BRDA:248,5,0,5
BRDA:248,6,0,18
BRDA:251,7,0,5
BRDA:251,8,0,18
BRDA:40,9,0,23
BRDA:41,10,0,23
BRDA:59,11,0,5
BRDA:61,12,0,0
BRDA:78,13,0,3
BRDA:84,14,0,2
BRDA:86,15,0,0
BRDA:118,16,0,7
BRDA:148,17,0,76
BRDA:150,18,0,0
BRDA:151,19,0,0
BRDA:155,20,0,44
BRDA:200,21,0,46
BRDA:220,22,0,46
BRF:23
BRH:15
end_of_record
TN:
SF:src\routes\EditReservation\style.ts
FNF:0
FNH:0
DA:1,1
DA:2,1
DA:3,1
DA:4,9
DA:5,9
DA:6,9
DA:7,9
DA:8,9
DA:9,9
DA:10,9
DA:11,9
DA:12,9
DA:13,9
DA:14,9
DA:15,9
DA:16,9
DA:17,9
DA:18,9
DA:19,9
DA:20,9
DA:21,9
DA:22,9
DA:23,9
DA:24,9
DA:25,9
DA:26,9
DA:27,9
DA:28,9
DA:29,9
DA:30,9
DA:31,9
DA:32,9
DA:33,9
DA:34,9
DA:35,9
DA:36,9
DA:37,9
DA:38,9
DA:39,9
DA:40,9
DA:41,9
DA:42,9
DA:43,9
DA:44,9
DA:45,1
DA:46,1
DA:47,1
LF:47
LH:47
BRDA:3,0,0,9
BRF:1
BRH:1
end_of_record
TN:
SF:src\routes\EditService\index.tsx
FN:23,AddService
FN:48,handleSubmit
FN:110,onClick
FNF:3
FNH:2
FNDA:13,AddService
FNDA:5,handleSubmit
FNDA:0,onClick
DA:1,1
DA:2,1
DA:3,1
DA:4,1
DA:5,1
DA:6,1
DA:7,1
DA:8,1
DA:9,1
DA:10,1
DA:11,1
DA:12,1
DA:13,1
DA:14,1
DA:15,1
DA:16,1
DA:17,1
DA:18,1
DA:19,1
DA:20,1
DA:21,1
DA:22,1
DA:23,1
DA:24,13
DA:25,13
DA:26,13
DA:27,13
DA:28,13
DA:29,13
DA:30,13
DA:31,13
DA:32,13
DA:33,13
DA:34,13
DA:35,13
DA:36,13
DA:37,13
DA:38,13
DA:39,13
DA:40,13
DA:41,13
DA:42,13
DA:43,0
DA:44,0
DA:45,0
DA:46,0
DA:47,13
DA:48,13
DA:49,5
DA:50,5
DA:51,5
DA:52,5
DA:53,5
DA:54,5
DA:55,5
DA:56,5
DA:57,3
DA:58,3
DA:59,5
DA:60,5
DA:61,2
DA:62,2
DA:63,5
DA:64,13
DA:65,13
DA:66,13
DA:67,13
DA:68,13
DA:69,13
DA:70,13
DA:71,13
DA:72,13
DA:73,13
DA:74,13
DA:75,13
DA:76,13
DA:77,13
DA:78,13
DA:79,13
DA:80,13
DA:81,13
DA:82,13
DA:83,13
DA:84,13
DA:85,13
DA:86,13
DA:87,13
DA:88,13
DA:89,13
DA:90,13
DA:91,13
DA:92,156
DA:93,156
DA:94,156
DA:95,13
DA:96,13
DA:97,13
DA:98,13
DA:99,13
DA:100,13
DA:101,13
DA:102,13
DA:103,13
DA:104,13
DA:105,13
DA:106,13
DA:107,13
DA:108,13
DA:109,13
DA:110,13
DA:111,13
DA:112,13
DA:113,13
DA:114,13
DA:115,13
DA:116,13
DA:117,13
DA:118,1
DA:119,1
DA:120,1
DA:121,1
DA:122,1
LF:122
LH:118
BRDA:23,0,0,13
BRDA:37,1,0,0
BRDA:42,2,0,0
BRDA:105,3,0,5
BRDA:105,4,0,8
BRDA:108,5,0,5
BRDA:108,6,0,8
BRDA:40,7,0,13
BRDA:48,8,0,5
BRDA:50,9,0,0
BRDA:56,10,0,3
BRDA:60,11,0,2
BRDA:91,12,0,156
BRF:13
BRH:10
end_of_record
TN:
SF:src\routes\EditService\style.ts
FNF:0
FNH:0
DA:1,1
DA:2,1
DA:3,1
DA:4,6
DA:5,6
DA:6,6
DA:7,6
DA:8,6
DA:9,6
DA:10,6
DA:11,6
DA:12,6
DA:13,6
DA:14,6
DA:15,6
DA:16,6
DA:17,6
DA:18,6
DA:19,6
DA:20,6
DA:21,6
DA:22,6
DA:23,6
DA:24,6
DA:25,6
DA:26,6
DA:27,6
DA:28,6
DA:29,6
DA:30,6
DA:31,6
DA:32,6
DA:33,6
DA:34,6
DA:35,6
DA:36,6
DA:37,6
DA:38,1
DA:39,1
DA:40,1
LF:40
LH:40
BRDA:3,0,0,6
BRF:1
BRH:1
end_of_record
TN:
SF:src\routes\Employees\index.tsx
FN:19,mapStateToProps
FN:22,mapDispatchToProps
FN:26,renderShifts
FN:47,renderHolidays
FN:75,Employees
FNF:5
FNH:0
FNDA:0,mapStateToProps
FNDA:0,mapDispatchToProps
FNDA:0,renderShifts
FNDA:0,renderHolidays
FNDA:0,Employees
DA:1,1
DA:2,1
DA:3,1
DA:4,1
DA:5,1
DA:6,1
DA:7,1
DA:8,1
DA:9,1
DA:10,1
DA:11,1
DA:12,1
DA:13,1
DA:14,1
DA:15,1
DA:16,1
DA:17,1
DA:18,1
DA:19,1
DA:20,0
DA:21,1
DA:22,1
DA:23,1
DA:24,1
DA:25,1
DA:26,1
DA:27,0
DA:28,0
DA:29,0
DA:30,0
DA:31,0
DA:32,0
DA:33,0
DA:34,0
DA:35,0
DA:36,0
DA:37,0
DA:38,0
DA:39,0
DA:40,0
DA:41,0
DA:42,0
DA:43,0
DA:44,0
DA:45,1
DA:46,1
DA:47,1
DA:48,0
DA:49,0
DA:50,0
DA:51,0
DA:52,0
DA:53,0
DA:54,0
DA:55,0
DA:56,0
DA:57,0
DA:58,0
DA:59,0
DA:60,0
DA:61,0
DA:62,0
DA:63,0
DA:64,0
DA:65,0
DA:66,0
DA:67,0
DA:68,0
DA:69,0
DA:70,0
DA:71,0
DA:72,0
DA:73,1
DA:74,1
DA:75,1
DA:76,0
DA:77,0
DA:78,0
DA:79,0
DA:80,0
DA:81,0
DA:82,0
DA:83,0
DA:84,0
DA:85,0
DA:86,0
DA:87,0
DA:88,0
DA:89,0
DA:90,0
DA:91,0
DA:92,0
DA:93,0
DA:94,0
DA:95,0
DA:96,0
DA:97,0
DA:98,0
DA:99,0
DA:100,0
DA:101,0
DA:102,0
DA:103,0
DA:104,0
DA:105,0
DA:106,0
DA:107,0
DA:108,0
DA:109,0
DA:110,0
DA:111,0
DA:112,0
DA:113,0
DA:114,0
DA:115,0
DA:116,0
DA:117,0
DA:118,0
DA:119,0
DA:120,0
DA:121,0
DA:122,0
DA:123,0
DA:124,0
DA:125,0
DA:126,0
DA:127,0
DA:128,0
DA:129,0
DA:130,0
DA:131,0
DA:132,0
DA:133,0
DA:134,0
DA:135,0
DA:136,0
DA:137,0
DA:138,0
DA:139,0
DA:140,0
DA:141,0
DA:142,0
DA:143,0
DA:144,0
DA:145,0
DA:146,0
DA:147,0
DA:148,0
DA:149,0
DA:150,0
DA:151,0
DA:152,0
DA:153,0
DA:154,0
DA:155,0
DA:156,0
DA:157,0
DA:158,0
DA:159,0
DA:160,0
DA:161,0
DA:162,0
DA:163,0
DA:164,0
DA:165,0
DA:166,0
DA:167,0
DA:168,0
DA:169,0
DA:170,0
DA:171,0
DA:172,0
DA:173,0
DA:174,0
DA:175,0
DA:176,1
DA:177,1
DA:178,1
LF:178
LH:34
BRF:0
BRH:0
end_of_record
TN:
SF:src\routes\Employees\style.ts
FNF:0
FNH:0
DA:1,1
DA:2,1
DA:3,1
DA:4,0
DA:5,0
DA:6,0
DA:7,0
DA:8,0
DA:9,0
DA:10,0
DA:11,0
DA:12,0
DA:13,0
DA:14,0
DA:15,0
DA:16,0
DA:17,0
DA:18,0
DA:19,0
DA:20,0
DA:21,0
DA:22,0
DA:23,0
DA:24,0
DA:25,0
DA:26,0
DA:27,0
DA:28,0
DA:29,0
DA:30,0
DA:31,0
DA:32,0
DA:33,0
DA:34,0
DA:35,0
DA:36,0
DA:37,0
DA:38,0
DA:39,0
DA:40,0
DA:41,0
DA:42,0
DA:43,0
DA:44,0
DA:45,1
DA:46,1
DA:47,1
LF:47
LH:6
BRF:0
BRH:0
end_of_record
TN:
SF:src\routes\Login\index.tsx
FN:24,Login
FN:31,handleSubmit
FN:45,handleSupportClick
FNF:3
FNH:2
FNDA:15,Login
FNDA:6,handleSubmit
FNDA:0,handleSupportClick
DA:1,1
DA:2,1
DA:3,1
DA:4,1
DA:5,1
DA:6,1
DA:7,1
DA:8,1
DA:9,1
DA:10,1
DA:11,1
DA:12,1
DA:13,1
DA:14,1
DA:15,1
DA:16,1
DA:17,1
DA:18,1
DA:19,1
DA:20,1
DA:21,1
DA:22,1
DA:23,1
DA:24,1
DA:25,15
DA:26,15
DA:27,15
DA:28,15
DA:29,15
DA:30,15
DA:31,15
DA:32,6
DA:33,6
DA:34,6
DA:35,6
DA:36,6
DA:37,6
DA:38,6
DA:39,6
DA:40,5
DA:41,5
DA:42,6
DA:43,15
DA:44,15
DA:45,15
DA:46,0
DA:47,0
DA:48,0
DA:49,15
DA:50,15
DA:51,15
DA:52,15
DA:53,15
DA:54,15
DA:55,15
DA:56,15
DA:57,15
DA:58,15
DA:59,15
DA:60,15
DA:61,15
DA:62,15
DA:63,15
DA:64,15
DA:65,15
DA:66,15
DA:67,15
DA:68,15
DA:69,15
DA:70,15
DA:71,15
DA:72,15
DA:73,15
DA:74,15
DA:75,15
DA:76,15
DA:77,15
DA:78,15
DA:79,15
DA:80,15
DA:81,15
DA:82,15
DA:83,15
DA:84,15
DA:85,15
DA:86,15
DA:87,15
DA:88,15
DA:89,15
DA:90,15
DA:91,15
DA:92,15
DA:93,15
DA:94,15
DA:95,15
DA:96,15
DA:97,15
DA:98,15
DA:99,15
DA:100,15
DA:101,15
DA:102,15
DA:103,15
DA:104,15
DA:105,15
DA:106,15
DA:107,15
DA:108,15
DA:109,15
DA:110,15
DA:111,1
DA:112,1
LF:112
LH:109
BRDA:24,0,0,15
BRDA:72,1,0,0
BRDA:85,2,0,0
BRDA:96,3,0,6
BRDA:96,4,0,9
BRDA:101,5,0,6
BRDA:101,6,0,9
BRDA:31,7,0,6
BRDA:33,8,0,0
BRDA:39,9,0,5
BRF:10
BRH:7
end_of_record
TN:
SF:src\routes\Login\style.ts
FNF:0
FNH:0
DA:1,1
DA:2,1
DA:3,1
DA:4,4
DA:5,4
DA:6,4
DA:7,4
DA:8,4
DA:9,4
DA:10,4
DA:11,4
DA:12,4
DA:13,4
DA:14,4
DA:15,4
DA:16,4
DA:17,4
DA:18,4
DA:19,4
DA:20,4
DA:21,1
DA:22,1
DA:23,1
LF:23
LH:23
BRDA:3,0,0,4
BRF:1
BRH:1
end_of_record
TN:
SF:src\routes\ReservationDetails\index.tsx
FN:50,createReservationStatusString
FN:61,ReservationDetails
FN:98,handleDeleteReservation
FN:122,onClick
FN:144,onClick
FN:159,onClick
FN:170,onClick
FN:183,onClick
FN:194,onClick
FNF:9
FNH:8
FNDA:9,createReservationStatusString
FNDA:11,ReservationDetails
FNDA:2,handleDeleteReservation
FNDA:0,onClick
FNDA:1,onClick
FNDA:1,onClick
FNDA:1,onClick
FNDA:1,onClick
FNDA:3,onClick
DA:1,1
DA:2,1
DA:3,1
DA:4,1
DA:5,1
DA:6,1
DA:7,1
DA:8,1
DA:9,1
DA:10,1
DA:11,1
DA:12,1
DA:13,1
DA:14,1
DA:15,1
DA:16,1
DA:17,1
DA:18,1
DA:19,1
DA:20,1
DA:21,1
DA:22,1
DA:23,1
DA:24,1
DA:25,1
DA:26,1
DA:27,1
DA:28,1
DA:29,1
DA:30,1
DA:31,1
DA:32,1
DA:33,1
DA:34,1
DA:35,1
DA:36,1
DA:37,1
DA:38,1
DA:39,1
DA:40,1
DA:41,1
DA:42,1
DA:43,1
DA:44,1
DA:45,1
DA:46,1
DA:47,1
DA:48,1
DA:49,1
DA:50,1
DA:51,9
DA:52,9
DA:53,7
DA:54,9
DA:55,2
DA:56,9
DA:57,0
DA:58,9
DA:59,9
DA:60,1
DA:61,1
DA:62,11
DA:63,11
DA:64,11
DA:65,11
DA:66,11
DA:67,11
DA:68,11
DA:69,11
DA:70,11
DA:71,11
DA:72,11
DA:73,11
DA:74,11
DA:75,1
DA:76,1
DA:77,1
DA:78,1
DA:79,10
DA:80,10
DA:81,10
DA:82,10
DA:83,10
DA:84,11
DA:85,1
DA:86,1
DA:87,10
DA:88,10
DA:89,10
DA:90,10
DA:91,9
DA:92,9
DA:93,9
DA:94,11
DA:95,11
DA:96,11
DA:97,11
DA:98,11
DA:99,2
DA:100,2
DA:101,2
DA:102,2
DA:103,2
DA:104,2
DA:105,2
DA:106,2
DA:107,2
DA:108,2
DA:109,2
DA:110,2
DA:111,2
DA:112,2
DA:113,2
DA:114,11
DA:115,11
DA:116,11
DA:117,11
DA:118,11
DA:119,11
DA:120,11
DA:121,11
DA:122,11
DA:123,11
DA:124,11
DA:125,11
DA:126,11
DA:127,11
DA:128,11
DA:129,11
DA:130,11
DA:131,11
DA:132,11
DA:133,11
DA:134,11
DA:135,11
DA:136,11
DA:137,11
DA:138,11
DA:139,11
DA:140,11
DA:141,11
DA:142,11
DA:143,11
DA:144,11
DA:145,1
DA:146,11
DA:147,11
DA:148,11
DA:149,11
DA:150,11
DA:151,11
DA:152,11
DA:153,11
DA:154,11
DA:155,10
DA:156,10
DA:157,10
DA:158,10
DA:159,10
DA:160,10
DA:161,10
DA:162,10
DA:163,10
DA:164,10
DA:165,10
DA:166,10
DA:167,10
DA:168,10
DA:169,10
DA:170,10
DA:171,10
DA:172,10
DA:173,10
DA:174,10
DA:175,10
DA:176,10
DA:177,10
DA:178,11
DA:179,11
DA:180,11
DA:181,11
DA:182,11
DA:183,11
DA:184,11
DA:185,11
DA:186,11
DA:187,11
DA:188,11
DA:189,11
DA:190,11
DA:191,11
DA:192,11
DA:193,11
DA:194,11
DA:195,3
DA:196,3
DA:197,3
DA:198,3
DA:199,11
DA:200,11
DA:201,11
DA:202,11
DA:203,11
DA:204,11
DA:205,11
DA:206,11
DA:207,11
DA:208,11
DA:209,11
DA:210,11
DA:211,11
DA:212,11
DA:213,11
DA:214,11
DA:215,11
DA:216,11
DA:217,11
DA:218,11
DA:219,11
DA:220,11
DA:221,11
DA:222,11
DA:223,11
DA:224,11
DA:225,11
DA:226,11
DA:227,11
DA:228,20
DA:229,20
DA:230,20
DA:231,20
DA:232,20
DA:233,20
DA:234,20
DA:235,11
DA:236,11
DA:237,11
DA:238,11
DA:239,11
DA:240,11
DA:241,11
DA:242,11
DA:243,11
DA:244,11
DA:245,11
DA:246,11
DA:247,11
DA:248,11
DA:249,11
DA:250,11
DA:251,11
DA:252,11
DA:253,20
DA:254,20
DA:255,20
DA:256,20
DA:257,20
DA:258,20
DA:259,20
DA:260,11
DA:261,11
DA:262,11
DA:263,11
DA:264,11
DA:265,11
DA:266,11
DA:267,11
DA:268,11
DA:269,11
DA:270,11
DA:271,11
DA:272,11
DA:273,11
DA:274,11
DA:275,11
DA:276,11
DA:277,11
DA:278,11
DA:279,11
DA:280,11
DA:281,11
DA:282,11
DA:283,11
DA:284,11
DA:285,11
DA:286,11
DA:287,11
DA:288,11
DA:289,30
DA:290,30
DA:291,30
DA:292,30
DA:293,11
DA:294,11
DA:295,11
DA:296,11
DA:297,11
DA:298,11
DA:299,11
DA:300,11
DA:301,11
DA:302,11
DA:303,11
DA:304,11
DA:305,11
DA:306,11
DA:307,11
DA:308,11
DA:309,11
DA:310,11
DA:311,11
DA:312,11
DA:313,11
DA:314,11
DA:315,11
DA:316,30
DA:317,30
DA:318,30
DA:319,30
DA:320,11
DA:321,11
DA:322,11
DA:323,11
DA:324,11
DA:325,11
DA:326,11
DA:327,1
DA:328,1
DA:329,1
DA:330,1
DA:331,1
LF:331
LH:330
BRDA:50,0,0,9
BRDA:52,1,0,7
BRDA:54,2,0,2
BRDA:56,3,0,0
BRDA:61,4,0,11
BRDA:69,5,0,0
BRDA:74,6,0,1
BRDA:79,7,0,10
BRDA:84,8,0,9
BRDA:84,9,0,1
BRDA:87,10,0,10
BRDA:90,11,0,9
BRDA:96,12,0,9
BRDA:154,13,0,10
BRDA:219,14,0,10
BRDA:219,15,0,2
BRDA:312,16,0,2
BRDA:72,17,0,12
BRDA:80,18,0,10
BRDA:81,19,0,9
BRDA:82,20,0,10
BRDA:98,21,0,2
BRDA:108,22,0,2
BRDA:113,23,0,2
BRDA:144,24,0,1
BRDA:159,25,0,1
BRDA:170,26,0,1
BRDA:183,27,0,1
BRDA:194,28,0,3
BRDA:227,29,0,20
BRDA:231,30,0,10
BRDA:231,31,0,0
BRDA:252,32,0,20
BRDA:256,33,0,0
BRDA:288,34,0,30
BRDA:291,35,0,2
BRDA:315,36,0,30
BRDA:318,37,0,1
BRF:38
BRH:34
end_of_record
TN:
SF:src\routes\ReservationDetails\style.ts
FNF:0
FNH:0
DA:1,1
DA:2,1
DA:3,1
DA:4,11
DA:5,11
DA:6,11
DA:7,11
DA:8,11
DA:9,11
DA:10,11
DA:11,11
DA:12,11
DA:13,11
DA:14,11
DA:15,11
DA:16,11
DA:17,11
DA:18,1
DA:19,1
DA:20,1
LF:20
LH:20
BRDA:3,0,0,11
BRF:1
BRH:1
end_of_record
TN:
SF:src\routes\Reservations\ReservationsTable.tsx
FN:25,mapStateToProps
FN:30,mapDispatchToProps
FN:34,ReservationsTable
FN:59,extractReservation
FN:97,onClick
FN:109,onClick
FN:154,onClick
FN:165,onClick
FNF:8
FNH:5
FNDA:12,mapStateToProps
FNDA:12,mapDispatchToProps
FNDA:18,ReservationsTable
FNDA:2,extractReservation
FNDA:0,onClick
FNDA:0,onClick
FNDA:2,onClick
FNDA:0,onClick
DA:1,1
DA:2,1
DA:3,1
DA:4,1
DA:5,1
DA:6,1
DA:7,1
DA:8,1
DA:9,1
DA:10,1
DA:11,1
DA:12,1
DA:13,1
DA:14,1
DA:15,1
DA:16,1
DA:17,1
DA:18,1
DA:19,1
DA:20,1
DA:21,1
DA:22,1
DA:23,1
DA:24,1
DA:25,1
DA:26,12
DA:27,12
DA:28,12
DA:29,1
DA:30,1
DA:31,1
DA:32,1
DA:33,1
DA:34,1
DA:35,18
DA:36,18
DA:37,18
DA:38,18
DA:39,18
DA:40,18
DA:41,18
DA:42,18
DA:43,18
DA:44,18
DA:45,18
DA:46,18
DA:47,18
DA:48,18
DA:49,18
DA:50,18
DA:51,18
DA:52,18
DA:53,18
DA:54,18
DA:55,18
DA:56,18
DA:57,18
DA:58,18
DA:59,18
DA:60,2
DA:61,2
DA:62,2
DA:63,2
DA:64,2
DA:65,0
DA:66,0
DA:67,0
DA:68,0
DA:69,0
DA:70,0
DA:71,2
DA:72,18
DA:73,18
DA:74,18
DA:75,18
DA:76,9
DA:77,9
DA:78,9
DA:79,9
DA:80,9
DA:81,9
DA:82,9
DA:83,9
DA:84,9
DA:85,9
DA:86,9
DA:87,9
DA:88,9
DA:89,9
DA:90,9
DA:91,9
DA:92,19
DA:93,19
DA:94,19
DA:95,19
DA:96,19
DA:97,19
DA:98,19
DA:99,19
DA:100,19
DA:101,19
DA:102,19
DA:103,19
DA:104,19
DA:105,19
DA:106,19
DA:107,19
DA:108,19
DA:109,19
DA:110,19
DA:111,19
DA:112,19
DA:113,19
DA:114,19
DA:115,19
DA:116,19
DA:117,9
DA:118,9
DA:119,9
DA:120,9
DA:121,9
DA:122,735
DA:123,735
DA:124,735
DA:125,735
DA:126,735
DA:127,735
DA:128,735
DA:129,735
DA:130,735
DA:131,735
DA:132,735
DA:133,735
DA:134,735
DA:135,735
DA:136,735
DA:137,735
DA:138,735
DA:139,931
DA:140,931
DA:141,931
DA:142,931
DA:143,2
DA:144,2
DA:145,2
DA:146,2
DA:147,2
DA:148,2
DA:149,2
DA:150,2
DA:151,931
DA:152,929
DA:153,929
DA:154,929
DA:155,929
DA:156,929
DA:157,929
DA:158,929
DA:159,929
DA:160,929
DA:161,929
DA:162,0
DA:163,0
DA:164,0
DA:165,0
DA:166,0
DA:167,0
DA:168,0
DA:169,0
DA:170,0
DA:171,931
DA:172,931
DA:173,735
DA:174,735
DA:175,735
DA:176,9
DA:177,9
DA:178,9
DA:179,9
DA:180,9
DA:181,9
DA:182,1
DA:183,1
LF:183
LH:168
BRDA:25,0,0,12
BRDA:30,1,0,12
BRDA:34,2,0,18
BRDA:44,3,0,0
BRDA:46,4,0,0
BRDA:75,5,0,9
BRDA:49,6,0,14
BRDA:56,7,0,14
BRDA:56,8,0,6
BRDA:59,9,0,2
BRDA:64,10,0,0
BRDA:61,11,0,2
BRDA:91,12,0,19
BRDA:121,13,0,735
BRDA:138,14,0,931
BRDA:142,15,0,2
BRDA:151,16,0,929
BRDA:161,17,0,0
BRDA:154,18,0,2
BRF:19
BRH:15
end_of_record
TN:
SF:src\routes\Reservations\index.tsx
FN:20,Reservations
FN:40,handleNewReservation
FN:51,handleChangeDate
FN:64,onOpen
FN:65,onClose
FN:95,onClick
FN:108,onClick
FN:119,onClick
FNF:8
FNH:2
FNDA:12,Reservations
FNDA:2,handleNewReservation
FNDA:0,handleChangeDate
FNDA:0,onOpen
FNDA:0,onClose
FNDA:0,onClick
FNDA:0,onClick
FNDA:0,onClick
DA:1,1
DA:2,1
DA:3,1
DA:4,1
DA:5,1
DA:6,1
DA:7,1
DA:8,1
DA:9,1
DA:10,1
DA:11,1
DA:12,1
DA:13,1
DA:14,1
DA:15,1
DA:16,1
DA:17,1
DA:18,1
DA:19,1
DA:20,1
DA:21,12
DA:22,12
DA:23,12
DA:24,12
DA:25,12
DA:26,12
DA:27,12
DA:28,12
DA:29,1
DA:30,1
DA:31,1
DA:32,1
DA:33,0
DA:34,1
DA:35,1
DA:36,12
DA:37,12
DA:38,12
DA:39,12
DA:40,12
DA:41,2
DA:42,2
DA:43,2
DA:44,2
DA:45,2
DA:46,2
DA:47,2
DA:48,2
DA:49,12
DA:50,12
DA:51,12
DA:52,0
DA:53,0
DA:54,0
DA:55,0
DA:56,0
DA:57,12
DA:58,12
DA:59,12
DA:60,12
DA:61,12
DA:62,12
DA:63,12
DA:64,12
DA:65,12
DA:66,12
DA:67,12
DA:68,12
DA:69,12
DA:70,12
DA:71,12
DA:72,12
DA:73,12
DA:74,12
DA:75,12
DA:76,12
DA:77,12
DA:78,12
DA:79,12
DA:80,1
DA:81,1
DA:82,1
DA:83,1
DA:84,1
DA:85,12
DA:86,12
DA:87,12
DA:88,12
DA:89,12
DA:90,12
DA:91,12
DA:92,12
DA:93,12
DA:94,12
DA:95,12
DA:96,0
DA:97,12
DA:98,12
DA:99,12
DA:100,12
DA:101,12
DA:102,12
DA:103,12
DA:104,12
DA:105,12
DA:106,12
DA:107,12
DA:108,12
DA:109,0
DA:110,12
DA:111,12
DA:112,12
DA:113,12
DA:114,12
DA:115,12
DA:116,12
DA:117,12
DA:118,12
DA:119,12
DA:120,12
DA:121,12
DA:122,12
DA:123,12
DA:124,12
DA:125,12
DA:126,12
DA:127,12
DA:128,12
DA:129,12
DA:130,12
DA:131,12
DA:132,1
DA:133,1
DA:134,1
DA:135,1
DA:136,1
LF:136
LH:128
BRDA:20,0,0,12
BRDA:28,1,0,1
BRDA:32,2,0,0
BRDA:37,3,0,11
BRDA:78,4,0,11
BRDA:79,5,0,1
BRDA:40,6,0,2
BRDA:135,7,0,4
BRF:8
BRH:7
end_of_record
TN:
SF:src\routes\Reservations\style.ts
FNF:0
FNH:0
DA:1,1
DA:2,1
DA:3,1
DA:4,1
DA:5,12
DA:6,12
DA:7,12
DA:8,12
DA:9,12
DA:10,12
DA:11,12
DA:12,12
DA:13,12
DA:14,12
DA:15,12
DA:16,12
DA:17,12
DA:18,12
DA:19,12
DA:20,12
DA:21,12
DA:22,12
DA:23,12
DA:24,12
DA:25,12
DA:26,1
DA:27,1
DA:28,1
DA:29,14
DA:30,14
DA:31,14
DA:32,14
DA:33,14
DA:34,14
DA:35,14
DA:36,14
DA:37,14
DA:38,14
DA:39,14
DA:40,14
DA:41,14
DA:42,14
DA:43,14
DA:44,14
DA:45,14
DA:46,14
DA:47,14
DA:48,14
DA:49,14
DA:50,14
DA:51,14
DA:52,14
DA:53,14
DA:54,14
DA:55,14
DA:56,14
DA:57,14
DA:58,14
DA:59,14
DA:60,14
DA:61,14
DA:62,14
DA:63,14
DA:64,14
DA:65,14
DA:66,14
DA:67,14
DA:68,14
DA:69,14
DA:70,14
DA:71,14
DA:72,14
DA:73,14
DA:74,14
DA:75,14
DA:76,14
DA:77,14
DA:78,14
DA:79,14
DA:80,14
DA:81,14
DA:82,14
DA:83,14
DA:84,14
DA:85,14
DA:86,14
DA:87,14
DA:88,14
DA:89,14
DA:90,14
DA:91,14
DA:92,14
DA:93,14
DA:94,14
DA:95,14
DA:96,14
DA:97,1
DA:98,1
DA:99,1
LF:99
LH:99
BRDA:4,0,0,12
BRDA:28,1,0,14
BRF:2
BRH:2
end_of_record
TN:
SF:src\routes\Services\index.tsx
FN:17,mapStateToProps
FN:20,mapDispatchToProps
FN:24,Services
FNF:3
FNH:0
FNDA:0,mapStateToProps
FNDA:0,mapDispatchToProps
FNDA:0,Services
DA:1,1
DA:2,1
DA:3,1
DA:4,1
DA:5,1
DA:6,1
DA:7,1
DA:8,1
DA:9,1
DA:10,1
DA:11,1
DA:12,1
DA:13,1
DA:14,1
DA:15,1
DA:16,1
DA:17,1
DA:18,0
DA:19,1
DA:20,1
DA:21,1
DA:22,1
DA:23,1
DA:24,1
DA:25,0
DA:26,0
DA:27,0
DA:28,0
DA:29,0
DA:30,0
DA:31,0
DA:32,0
DA:33,0
DA:34,0
DA:35,0
DA:36,0
DA:37,0
DA:38,0
DA:39,0
DA:40,0
DA:41,0
DA:42,0
DA:43,0
DA:44,0
DA:45,0
DA:46,0
DA:47,0
DA:48,0
DA:49,0
DA:50,0
DA:51,0
DA:52,0
DA:53,0
DA:54,0
DA:55,0
DA:56,0
DA:57,0
DA:58,0
DA:59,0
DA:60,0
DA:61,0
DA:62,0
DA:63,0
DA:64,0
DA:65,0
DA:66,0
DA:67,0
DA:68,0
DA:69,0
DA:70,0
DA:71,0
DA:72,0
DA:73,0
DA:74,0
DA:75,0
DA:76,0
DA:77,0
DA:78,0
DA:79,0
DA:80,0
DA:81,0
DA:82,0
DA:83,0
DA:84,0
DA:85,0
DA:86,0
DA:87,0
DA:88,0
DA:89,0
DA:90,0
DA:91,0
DA:92,0
DA:93,0
DA:94,0
DA:95,0
DA:96,0
DA:97,0
DA:98,0
DA:99,0
DA:100,0
DA:101,0
DA:102,0
DA:103,0
DA:104,1
DA:105,1
DA:106,1
DA:107,1
DA:108,1
DA:109,1
DA:110,1
DA:111,1
LF:111
LH:31
BRF:0
BRH:0
end_of_record
TN:
SF:src\routes\Services\style.ts
FNF:0
FNH:0
DA:1,1
DA:2,1
DA:3,1
DA:4,0
DA:5,0
DA:6,0
DA:7,0
DA:8,0
DA:9,0
DA:10,0
DA:11,0
DA:12,0
DA:13,0
DA:14,0
DA:15,0
DA:16,0
DA:17,0
DA:18,0
DA:19,0
DA:20,0
DA:21,0
DA:22,0
DA:23,0
DA:24,0
DA:25,0
DA:26,0
DA:27,0
DA:28,0
DA:29,0
DA:30,0
DA:31,0
DA:32,0
DA:33,0
DA:34,0
DA:35,0
DA:36,0
DA:37,0
DA:38,0
DA:39,0
DA:40,0
DA:41,0
DA:42,1
DA:43,1
DA:44,1
LF:44
LH:6
BRF:0
BRH:0
end_of_record
TN:
SF:src\utils\addCustomer.ts
FN:12,addCustomer
FNF:1
FNH:1
FNDA:5,addCustomer
DA:1,1
DA:2,1
DA:3,1
DA:4,1
DA:5,1
DA:6,1
DA:7,1
DA:8,1
DA:9,1
DA:10,1
DA:11,1
DA:12,1
DA:13,5
DA:14,4
DA:15,4
DA:16,5
DA:17,5
DA:18,5
DA:19,5
DA:20,5
DA:21,5
DA:22,5
DA:23,5
DA:24,5
DA:25,4
DA:26,4
DA:27,4
DA:28,24
DA:29,4
DA:30,4
DA:31,4
DA:32,4
DA:33,5
DA:34,3
DA:35,3
DA:36,5
DA:37,1
DA:38,1
DA:39,1
DA:40,5
DA:41,1
DA:42,1
LF:42
LH:42
BRDA:12,0,0,5
BRDA:13,1,0,1
BRDA:14,2,0,4
BRDA:16,3,0,0
BRDA:17,4,0,0
BRDA:18,5,0,0
BRDA:19,6,0,0
BRDA:20,7,0,0
BRDA:21,8,0,1
BRDA:24,9,0,0
BRDA:25,10,0,4
BRDA:33,11,0,3
BRDA:36,12,0,1
BRDA:13,13,0,5
BRDA:27,14,0,24
BRDA:28,15,0,1
BRF:16
BRH:10
end_of_record
TN:
SF:src\utils\addEmployee.ts
FN:13,addEmployee
FNF:1
FNH:1
FNDA:4,addEmployee
DA:1,1
DA:2,1
DA:3,1
DA:4,1
DA:5,1
DA:6,1
DA:7,1
DA:8,1
DA:9,1
DA:10,1
DA:11,1
DA:12,1
DA:13,1
DA:14,4
DA:15,4
DA:16,4
DA:17,4
DA:18,4
DA:19,3
DA:20,3
DA:21,4
DA:22,4
DA:23,4
DA:24,4
DA:25,4
DA:26,4
DA:27,3
DA:28,3
DA:29,9
DA:30,3
DA:31,3
DA:32,3
DA:33,3
DA:34,4
DA:35,2
DA:36,2
DA:37,4
DA:38,1
DA:39,1
DA:40,1
DA:41,4
DA:42,1
DA:43,1
LF:43
LH:43
BRDA:13,0,0,4
BRDA:18,1,0,1
BRDA:19,2,0,3
BRDA:21,3,0,0
BRDA:26,4,0,0
BRDA:27,5,0,3
BRDA:34,6,0,2
BRDA:37,7,0,1
BRDA:18,8,0,4
BRDA:28,9,0,9
BRDA:29,10,0,2
BRF:11
BRH:9
end_of_record
TN:
SF:src\utils\addReservation.ts
FN:23,addReservation
FNF:1
FNH:1
FNDA:7,addReservation
DA:1,1
DA:2,1
DA:3,1
DA:4,1
DA:5,1
DA:6,1
DA:7,1
DA:8,1
DA:9,1
DA:10,1
DA:11,1
DA:12,1
DA:13,1
DA:14,1
DA:15,1
DA:16,1
DA:17,1
DA:18,1
DA:19,1
DA:20,1
DA:21,1
DA:22,1
DA:23,1
DA:24,7
DA:25,7
DA:26,7
DA:27,7
DA:28,7
DA:29,7
DA:30,7
DA:31,7
DA:32,6
DA:33,7
DA:34,7
DA:35,6
DA:36,6
DA:37,6
DA:38,1
DA:39,5
DA:40,5
DA:41,5
DA:42,5
DA:43,7
DA:44,7
DA:45,7
DA:46,7
DA:47,7
DA:48,7
DA:49,5
DA:50,5
DA:51,5
DA:52,5
DA:53,7
DA:54,5
DA:55,5
DA:56,7
DA:57,5
DA:58,7
DA:59,5
DA:60,5
DA:61,25
DA:62,5
DA:63,5
DA:64,5
DA:65,5
DA:66,6
DA:67,4
DA:68,4
DA:69,7
DA:70,1
DA:71,1
DA:72,1
DA:73,7
DA:74,1
DA:75,1
LF:75
LH:75
BRDA:23,0,0,7
BRDA:30,1,0,6
BRDA:31,2,0,1
BRDA:32,3,0,6
BRDA:33,4,0,0
BRDA:34,5,0,0
BRDA:35,6,0,6
BRDA:37,7,0,1
BRDA:39,8,0,5
BRDA:43,9,0,0
BRDA:44,10,0,0
BRDA:45,11,0,1
BRDA:48,12,0,0
BRDA:49,13,0,5
BRDA:53,14,0,0
BRDA:54,15,0,5
BRDA:56,16,0,0
BRDA:57,17,0,5
BRDA:58,18,0,0
BRDA:59,19,0,6
BRDA:59,20,0,5
BRDA:66,21,0,4
BRDA:69,22,0,1
BRDA:30,23,0,7
BRDA:52,24,0,5
BRDA:60,25,0,25
BRDA:61,26,0,1
BRF:27
BRH:19
end_of_record
TN:
SF:src\utils\addService.ts
FN:11,addService
FNF:1
FNH:1
FNDA:4,addService
DA:1,1
DA:2,1
DA:3,1
DA:4,1
DA:5,1
DA:6,1
DA:7,1
DA:8,1
DA:9,1
DA:10,1
DA:11,1
DA:12,4
DA:13,3
DA:14,3
DA:15,4
DA:16,4
DA:17,4
DA:18,4
DA:19,4
DA:20,4
DA:21,3
DA:22,3
DA:23,6
DA:24,3
DA:25,3
DA:26,3
DA:27,3
DA:28,4
DA:29,2
DA:30,2
DA:31,4
DA:32,1
DA:33,1
DA:34,1
DA:35,4
DA:36,1
DA:37,1
LF:37
LH:37
BRDA:11,0,0,4
BRDA:12,1,0,1
BRDA:13,2,0,3
BRDA:15,3,0,0
BRDA:16,4,0,0
BRDA:19,5,0,3
BRDA:20,6,0,0
BRDA:21,7,0,3
BRDA:28,8,0,2
BRDA:31,9,0,1
BRDA:12,10,0,7
BRDA:22,11,0,6
BRDA:23,12,0,0
BRF:13
BRH:9
end_of_record
TN:
SF:src\utils\connectionListener.ts
FN:7,connectionListener
FNF:1
FNH:0
FNDA:0,connectionListener
DA:1,1
DA:2,1
DA:3,1
DA:4,1
DA:5,1
DA:6,1
DA:7,1
DA:8,0
DA:9,0
DA:10,0
DA:11,0
DA:12,0
DA:13,0
DA:14,1
DA:15,1
LF:15
LH:9
BRF:0
BRH:0
end_of_record
TN:
SF:src\utils\databaseSync.ts
FN:11,databaseSync
FNF:1
FNH:1
FNDA:8,databaseSync
DA:1,1
DA:2,1
DA:3,1
DA:4,1
DA:5,1
DA:6,1
DA:7,1
DA:8,1
DA:9,1
DA:10,1
DA:11,1
DA:12,8
DA:13,8
DA:14,8
DA:15,8
DA:16,8
DA:17,8
DA:18,8
DA:19,8
DA:20,8
DA:21,8
DA:22,10
DA:23,8
DA:24,8
DA:25,8
DA:26,8
DA:27,8
DA:28,8
DA:29,10
DA:30,8
DA:31,8
DA:32,8
DA:33,8
DA:34,8
DA:35,8
DA:36,10
DA:37,8
DA:38,8
DA:39,8
DA:40,8
DA:41,8
DA:42,8
DA:43,10
DA:44,8
DA:45,8
DA:46,8
DA:47,8
DA:48,1
DA:49,1
LF:49
LH:49
BRDA:11,0,0,8
BRDA:21,1,0,10
BRDA:28,2,0,10
BRDA:35,3,0,10
BRDA:42,4,0,10
BRF:5
BRH:5
end_of_record
TN:
SF:src\utils\deleteCustomer.ts
FN:10,deleteCustomer
FNF:1
FNH:0
FNDA:0,deleteCustomer
DA:1,1
DA:2,1
DA:3,1
DA:4,1
DA:5,1
DA:6,1
DA:7,1
DA:8,1
DA:9,1
DA:10,1
DA:11,0
DA:12,0
DA:13,0
DA:14,0
DA:15,0
DA:16,0
DA:17,0
DA:18,0
DA:19,0
DA:20,0
DA:21,0
DA:22,0
DA:23,0
DA:24,0
DA:25,0
DA:26,1
DA:27,1
LF:27
LH:12
BRF:0
BRH:0
end_of_record
TN:
SF:src\utils\deleteEmployee.ts
FN:9,deleteEmployee
FNF:1
FNH:0
FNDA:0,deleteEmployee
DA:1,1
DA:2,1
DA:3,1
DA:4,1
DA:5,1
DA:6,1
DA:7,1
DA:8,1
DA:9,1
DA:10,0
DA:11,0
DA:12,0
DA:13,0
DA:14,0
DA:15,0
DA:16,0
DA:17,1
DA:18,1
LF:18
LH:11
BRF:0
BRH:0
end_of_record
TN:
SF:src\utils\deleteReservation.ts
FN:9,deleteReservation
FNF:1
FNH:1
FNDA:2,deleteReservation
DA:1,1
DA:2,1
DA:3,1
DA:4,1
DA:5,1
DA:6,1
DA:7,1
DA:8,1
DA:9,1
DA:10,2
DA:11,2
DA:12,2
DA:13,0
DA:14,0
DA:15,0
DA:16,2
DA:17,1
DA:18,1
LF:18
LH:15
BRDA:9,0,0,2
BRDA:12,1,0,0
BRF:2
BRH:1
end_of_record
TN:
SF:src\utils\deleteService.ts
FN:9,deleteService
FNF:1
FNH:0
FNDA:0,deleteService
DA:1,1
DA:2,1
DA:3,1
DA:4,1
DA:5,1
DA:6,1
DA:7,1
DA:8,1
DA:9,1
DA:10,0
DA:11,0
DA:12,0
DA:13,0
DA:14,0
DA:15,0
DA:16,0
DA:17,1
DA:18,1
LF:18
LH:11
BRF:0
BRH:0
end_of_record
TN:
SF:src\utils\editCustomer.ts
FN:13,editCustomer
FNF:1
FNH:1
FNDA:7,editCustomer
DA:1,1
DA:2,1
DA:3,1
DA:4,1
DA:5,1
DA:6,1
DA:7,1
DA:8,1
DA:9,1
DA:10,1
DA:11,1
DA:12,1
DA:13,1
DA:14,7
DA:15,5
DA:16,5
DA:17,7
DA:18,7
DA:19,7
DA:20,7
DA:21,7
DA:22,7
DA:23,7
DA:24,7
DA:25,7
DA:26,5
DA:27,5
DA:28,5
DA:29,30
DA:30,5
DA:31,5
DA:32,5
DA:33,5
DA:34,4
DA:35,4
DA:36,4
DA:37,4
DA:38,7
DA:39,1
DA:40,1
DA:41,1
DA:42,7
DA:43,1
DA:44,1
LF:44
LH:44
BRDA:13,0,0,7
BRDA:14,1,0,6
BRDA:14,2,0,2
BRDA:15,3,0,5
BRDA:17,4,0,0
BRDA:18,5,0,1
BRDA:19,6,0,1
BRDA:20,7,0,1
BRDA:21,8,0,1
BRDA:22,9,0,2
BRDA:25,10,0,5
BRDA:25,11,0,0
BRDA:26,12,0,6
BRDA:26,13,0,5
BRDA:34,14,0,4
BRDA:38,15,0,1
BRDA:14,16,0,7
BRDA:28,17,0,30
BRDA:29,18,0,6
BRF:19
BRH:17
end_of_record
TN:
SF:src\utils\editEmployee.ts
FN:14,editEmployee
FNF:1
FNH:1
FNDA:4,editEmployee
DA:1,1
DA:2,1
DA:3,1
DA:4,1
DA:5,1
DA:6,1
DA:7,1
DA:8,1
DA:9,1
DA:10,1
DA:11,1
DA:12,1
DA:13,1
DA:14,1
DA:15,4
DA:16,4
DA:17,4
DA:18,4
DA:19,4
DA:20,4
DA:21,3
DA:22,3
DA:23,4
DA:24,4
DA:25,4
DA:26,4
DA:27,4
DA:28,4
DA:29,3
DA:30,3
DA:31,9
DA:32,3
DA:33,3
DA:34,3
DA:35,3
DA:36,2
DA:37,2
DA:38,2
DA:39,2
DA:40,4
DA:41,1
DA:42,1
DA:43,1
DA:44,4
DA:45,1
DA:46,1
LF:46
LH:46
BRDA:14,0,0,4
BRDA:20,1,0,1
BRDA:21,2,0,3
BRDA:23,3,0,0
BRDA:28,4,0,3
BRDA:28,5,0,0
BRDA:29,6,0,3
BRDA:36,7,0,2
BRDA:40,8,0,1
BRDA:20,9,0,4
BRDA:30,10,0,9
BRDA:31,11,0,2
BRF:12
BRH:10
end_of_record
TN:
SF:src\utils\editReservation.ts
FN:24,editReservation
FNF:1
FNH:1
FNDA:5,editReservation
DA:1,1
DA:2,1
DA:3,1
DA:4,1
DA:5,1
DA:6,1
DA:7,1
DA:8,1
DA:9,1
DA:10,1
DA:11,1
DA:12,1
DA:13,1
DA:14,1
DA:15,1
DA:16,1
DA:17,1
DA:18,1
DA:19,1
DA:20,1
DA:21,1
DA:22,1
DA:23,1
DA:24,1
DA:25,5
DA:26,5
DA:27,5
DA:28,5
DA:29,5
DA:30,5
DA:31,5
DA:32,5
DA:33,5
DA:34,4
DA:35,5
DA:36,5
DA:37,4
DA:38,4
DA:39,5
DA:40,0
DA:41,4
DA:42,4
DA:43,4
DA:44,4
DA:45,5
DA:46,5
DA:47,5
DA:48,5
DA:49,5
DA:50,5
DA:51,4
DA:52,4
DA:53,4
DA:54,4
DA:55,5
DA:56,4
DA:57,4
DA:58,5
DA:59,4
DA:60,5
DA:61,4
DA:62,4
DA:63,20
DA:64,4
DA:65,4
DA:66,4
DA:67,4
DA:68,3
DA:69,3
DA:70,3
DA:71,3
DA:72,5
DA:73,1
DA:74,1
DA:75,1
DA:76,5
DA:77,1
DA:78,1
LF:78
LH:77
BRDA:24,0,0,5
BRDA:32,1,0,4
BRDA:33,2,0,1
BRDA:34,3,0,4
BRDA:35,4,0,0
BRDA:36,5,0,0
BRDA:37,6,0,4
BRDA:39,7,0,0
BRDA:41,8,0,4
BRDA:45,9,0,0
BRDA:46,10,0,0
BRDA:47,11,0,1
BRDA:50,12,0,4
BRDA:50,13,0,0
BRDA:51,14,0,4
BRDA:55,15,0,0
BRDA:56,16,0,4
BRDA:58,17,0,0
BRDA:59,18,0,4
BRDA:60,19,0,0
BRDA:61,20,0,4
BRDA:68,21,0,3
BRDA:72,22,0,1
BRDA:32,23,0,5
BRDA:54,24,0,4
BRDA:62,25,0,20
BRDA:63,26,0,1
BRF:27
BRH:18
end_of_record
TN:
SF:src\utils\editService.ts
FN:12,editService
FNF:1
FNH:1
FNDA:4,editService
DA:1,1
DA:2,1
DA:3,1
DA:4,1
DA:5,1
DA:6,1
DA:7,1
DA:8,1
DA:9,1
DA:10,1
DA:11,1
DA:12,1
DA:13,4
DA:14,3
DA:15,3
DA:16,4
DA:17,4
DA:18,4
DA:19,4
DA:20,4
DA:21,3
DA:22,3
DA:23,6
DA:24,3
DA:25,3
DA:26,3
DA:27,3
DA:28,2
DA:29,2
DA:30,2
DA:31,2
DA:32,4
DA:33,1
DA:34,1
DA:35,1
DA:36,4
DA:37,1
DA:38,1
LF:38
LH:38
BRDA:12,0,0,4
BRDA:13,1,0,1
BRDA:14,2,0,3
BRDA:16,3,0,0
BRDA:20,4,0,3
BRDA:20,5,0,0
BRDA:21,6,0,3
BRDA:28,7,0,2
BRDA:32,8,0,1
BRDA:13,9,0,7
BRDA:22,10,0,6
BRDA:23,11,0,0
BRF:12
BRH:9
end_of_record
TN:
SF:src\utils\formatMinutes.ts
FN:7,formatMinutes
FNF:1
FNH:1
FNDA:312,formatMinutes
DA:1,1
DA:2,1
DA:3,1
DA:4,1
DA:5,1
DA:6,1
DA:7,1
DA:8,312
DA:9,312
DA:10,312
DA:11,312
DA:12,234
DA:13,234
DA:14,130
DA:15,234
DA:16,312
DA:17,234
DA:18,234
DA:19,234
DA:20,312
DA:21,312
DA:22,1
DA:23,1
LF:23
LH:23
BRDA:7,0,0,312
BRDA:11,1,0,234
BRDA:13,2,0,104
BRDA:14,3,0,130
BRDA:16,4,0,234
BRDA:17,5,0,156
BRF:6
BRH:6
end_of_record
TN:
SF:src\utils\generateClosestValidDate.ts
FN:8,generateClosestValidDate
FNF:1
FNH:1
FNDA:11,generateClosestValidDate
DA:1,1
DA:2,1
DA:3,1
DA:4,1
DA:5,1
DA:6,1
DA:7,1
DA:8,1
DA:9,11
DA:10,11
DA:11,11
DA:12,11
DA:13,11
DA:14,11
DA:15,11
DA:16,11
DA:17,1
DA:18,1
LF:18
LH:18
BRDA:8,0,0,11
BRDA:11,1,0,33
BRDA:12,2,0,22
BRDA:12,3,0,11
BRF:4
BRH:4
end_of_record
TN:
SF:src\utils\getReservationStatus.ts
FN:9,getReservationStatus
FNF:1
FNH:1
FNDA:15,getReservationStatus
DA:1,1
DA:2,1
DA:3,1
DA:4,1
DA:5,1
DA:6,1
DA:7,1
DA:8,1
DA:9,1
DA:10,15
DA:11,15
DA:12,15
DA:13,15
DA:14,7
DA:15,0
DA:16,15
DA:17,1
DA:18,1
LF:18
LH:17
BRDA:9,0,0,15
BRDA:13,1,0,8
BRDA:13,2,0,8
BRDA:14,3,0,7
BRDA:15,4,0,0
BRF:5
BRH:4
end_of_record
TN:
SF:src\utils\getReservationsByDate.ts
FN:8,getReservationsByDate
FNF:1
FNH:1
FNDA:44,getReservationsByDate
DA:1,1
DA:2,1
DA:3,1
DA:4,1
DA:5,1
DA:6,1
DA:7,1
DA:8,1
DA:9,44
DA:10,44
DA:11,44
DA:12,44
DA:13,44
DA:14,44
DA:15,44
DA:16,44
DA:17,44
DA:18,44
DA:19,44
DA:20,44
DA:21,1
DA:22,1
LF:22
LH:22
BRDA:8,0,0,44
BRDA:17,1,0,23
BRF:2
BRH:2
end_of_record
TN:
SF:src\utils\hourMinuteToReadableString.ts
FN:8,hourMinuteToReadableString
FNF:1
FNH:1
FNDA:737,hourMinuteToReadableString
DA:1,1
DA:2,1
DA:3,1
DA:4,1
DA:5,1
DA:6,1
DA:7,1
DA:8,1
DA:9,737
DA:10,737
DA:11,737
DA:12,737
DA:13,1
DA:14,1
LF:14
LH:14
BRDA:8,0,0,737
BRDA:9,1,0,122
BRDA:9,2,0,615
BRDA:10,3,0,197
BRDA:10,4,0,540
BRF:5
BRH:5
end_of_record
TN:
SF:src\utils\index.ts
FN:2,get
FN:3,get
FN:4,get
FN:5,get
FN:6,get
FN:8,get
FN:9,get
FN:10,get
FN:12,get
FN:13,get
FN:16,get
FN:17,get
FN:20,get
FN:21,get
FN:22,get
FN:23,get
FN:26,get
FN:27,get
FN:28,get
FN:29,get
FN:32,get
FN:33,get
FN:34,get
FN:35,get
FNF:24
FNH:24
FNDA:7,get
FNDA:742,get
FNDA:17,get
FNDA:48,get
FNDA:14,get
FNDA:6,get
FNDA:645,get
FNDA:6,get
FNDA:12,get
FNDA:6,get
FNDA:6,get
FNDA:64,get
FNDA:6,get
FNDA:8,get
FNDA:6,get
FNDA:6,get
FNDA:6,get
FNDA:6,get
FNDA:5,get
FNDA:3,get
FNDA:5,get
FNDA:3,get
FNDA:3,get
FNDA:3,get
DA:1,1
DA:2,1
DA:3,1
DA:4,1
DA:5,1
DA:6,1
DA:7,1
DA:8,1
DA:9,1
DA:10,1
DA:11,1
DA:12,1
DA:13,1
DA:14,1
DA:15,1
DA:16,1
DA:17,1
DA:18,1
DA:19,1
DA:20,1
DA:21,1
DA:22,1
DA:23,1
DA:24,1
DA:25,1
DA:26,1
DA:27,1
DA:28,1
DA:29,1
DA:30,1
DA:31,1
DA:32,1
DA:33,1
DA:34,1
DA:35,1
LF:35
LH:35
BRDA:2,0,0,7
BRDA:3,1,0,742
BRDA:4,2,0,17
BRDA:5,3,0,48
BRDA:6,4,0,14
BRDA:8,5,0,6
BRDA:9,6,0,645
BRDA:10,7,0,6
BRDA:12,8,0,12
BRDA:13,9,0,6
BRDA:16,10,0,6
BRDA:17,11,0,64
BRDA:20,12,0,6
BRDA:21,13,0,8
BRDA:22,14,0,6
BRDA:23,15,0,6
BRDA:26,16,0,6
BRDA:27,17,0,6
BRDA:28,18,0,5
BRDA:29,19,0,3
BRDA:32,20,0,5
BRDA:33,21,0,3
BRDA:34,22,0,3
BRDA:35,23,0,3
BRF:24
BRH:24
end_of_record
TN:
SF:src\utils\isEmployeeBusy.ts
FN:12,isEmployeeBusy
FNF:1
FNH:1
FNDA:1,isEmployeeBusy
DA:1,1
DA:2,1
DA:3,1
DA:4,1
DA:5,1
DA:6,1
DA:7,1
DA:8,1
DA:9,1
DA:10,1
DA:11,1
DA:12,1
DA:13,1
DA:14,1
DA:15,1
DA:16,1
DA:17,1
DA:18,1
DA:19,1
DA:20,1
DA:21,0
DA:22,0
DA:23,0
DA:24,1
DA:25,1
DA:26,1
DA:27,1
DA:28,1
DA:29,1
DA:30,1
DA:31,1
DA:32,1
DA:33,1
DA:34,1
DA:35,1
DA:36,1
DA:37,1
DA:38,0
DA:39,0
DA:40,0
DA:41,0
DA:42,0
DA:43,0
DA:44,0
DA:45,0
DA:46,0
DA:47,0
DA:48,0
DA:49,2
DA:50,2
DA:51,2
DA:52,2
DA:53,2
DA:54,2
DA:55,2
DA:56,2
DA:57,2
DA:58,2
DA:59,0
DA:60,0
DA:61,0
DA:62,0
DA:63,0
DA:64,0
DA:65,1
DA:66,0
DA:67,0
DA:68,1
DA:69,1
DA:70,1
LF:70
LH:48
BRDA:12,0,0,1
BRDA:20,1,0,0
BRDA:38,2,0,0
BRDA:65,3,0,0
BRDA:18,4,0,1
BRDA:33,5,0,3
BRDA:40,6,0,3
BRDA:48,7,0,2
BRDA:51,8,0,0
BRDA:49,9,0,2
BRF:10
BRH:6
end_of_record
TN:
SF:src\utils\isEmployeeOnDuty.ts
FN:10,isEmployeeOnDuty
FNF:1
FNH:1
FNDA:930,isEmployeeOnDuty
DA:1,1
DA:2,1
DA:3,1
DA:4,1
DA:5,1
DA:6,1
DA:7,1
DA:8,1
DA:9,1
DA:10,1
DA:11,930
DA:12,930
DA:13,930
DA:14,1
DA:15,1
DA:16,1
DA:17,1
DA:18,1
DA:19,930
DA:20,930
DA:21,930
DA:22,930
DA:23,930
DA:24,930
DA:25,930
DA:26,0
DA:27,0
DA:28,0
DA:29,0
DA:30,0
DA:31,0
DA:32,0
DA:33,0
DA:34,0
DA:35,1
DA:36,1
DA:37,1
DA:38,1
DA:39,1
DA:40,1
DA:41,1
DA:42,1
DA:43,1
DA:44,1
DA:45,1
DA:46,1
DA:47,1
DA:48,1
DA:49,1
DA:50,1
DA:51,1
DA:52,1
DA:53,0
DA:54,0
DA:55,0
DA:56,0
DA:57,0
DA:58,930
DA:59,1
DA:60,1
LF:60
LH:46
BRDA:10,0,0,930
BRDA:22,1,0,0
BRDA:25,2,0,0
BRDA:26,3,0,0
BRDA:13,4,0,1
BRDA:34,5,0,1
BRF:6
BRH:3
end_of_record
TN:
SF:src\utils\login.ts
FN:8,login
FNF:1
FNH:1
FNDA:6,login
DA:1,1
DA:2,1
DA:3,1
DA:4,1
DA:5,1
DA:6,1
DA:7,1
DA:8,1
DA:9,6
DA:10,6
DA:11,6
DA:12,6
DA:13,6
DA:14,5
DA:15,5
DA:16,6
DA:17,4
DA:18,4
DA:19,6
DA:20,4
DA:21,4
DA:22,4
DA:23,6
DA:24,3
DA:25,3
DA:26,1
DA:27,3
DA:28,3
DA:29,1
DA:30,3
DA:31,3
DA:32,1
DA:33,3
DA:34,3
DA:35,0
DA:36,3
DA:37,3
DA:38,6
DA:39,1
DA:40,1
LF:40
LH:39
BRDA:8,0,0,6
BRDA:13,1,0,1
BRDA:14,2,0,5
BRDA:16,3,0,1
BRDA:17,4,0,4
BRDA:19,5,0,0
BRDA:20,6,0,4
BRDA:23,7,0,1
BRDA:23,8,0,3
BRDA:25,9,0,1
BRDA:28,10,0,1
BRDA:31,11,0,1
BRDA:34,12,0,0
BRF:13
BRH:11
end_of_record
TN:
SF:src\utils\logout.ts
FN:7,logout
FNF:1
FNH:0
FNDA:0,logout
DA:1,1
DA:2,1
DA:3,1
DA:4,1
DA:5,1
DA:6,1
DA:7,1
DA:8,0
DA:9,0
DA:10,1
DA:11,1
LF:11
LH:9
BRF:0
BRH:0
end_of_record
TN:
SF:src\utils\translateWeekDays.ts
FN:7,translateWeekDays
FNF:1
FNH:0
FNDA:0,translateWeekDays
DA:1,1
DA:2,1
DA:3,1
DA:4,1
DA:5,1
DA:6,1
DA:7,1
DA:8,0
DA:9,0
DA:10,0
DA:11,0
DA:12,0
DA:13,0
DA:14,0
DA:15,0
DA:16,0
DA:17,0
DA:18,0
DA:19,0
DA:20,0
DA:21,0
DA:22,0
DA:23,0
DA:24,0
DA:25,1
DA:26,1
LF:26
LH:9
BRF:0
BRH:0
end_of_record
